Flow report for KarateChamp
Thu May 07 12:48:09 2020
Quartus Prime Version 18.0.0 Build 614 04/24/2018 SJ Lite Edition


---------------------
; Table of Contents ;
---------------------
  1. Legal Notice
  2. Flow Summary
  3. Flow Settings
  4. Flow Non-Default Global Settings
  5. Flow Elapsed Time
  6. Flow OS Summary
  7. Flow Log
  8. Flow Messages
  9. Flow Suppressed Messages



----------------
; Legal Notice ;
----------------
Copyright (C) 2018  Intel Corporation. All rights reserved.
Your use of Intel Corporation's design tools, logic functions 
and other software and tools, and its AMPP partner logic 
functions, and any output files from any of the foregoing 
(including device programming or simulation files), and any 
associated documentation or information are expressly subject 
to the terms and conditions of the Intel Program License 
Subscription Agreement, the Intel Quartus Prime License Agreement,
the Intel FPGA IP License Agreement, or other applicable license
agreement, including, without limitation, that your use is for
the sole purpose of programming logic devices manufactured by
Intel and sold by Intel or its authorized distributors.  Please
refer to the applicable agreement for further details.



+----------------------------------------------------------------------------------+
; Flow Summary                                                                     ;
+------------------------------------+---------------------------------------------+
; Flow Status                        ; Successful - Thu May 07 12:48:09 2020       ;
; Quartus Prime Version              ; 18.0.0 Build 614 04/24/2018 SJ Lite Edition ;
; Revision Name                      ; KarateChamp                                 ;
; Top-level Entity Name              ; KarateChamp                                 ;
; Family                             ; Cyclone IV E                                ;
; Device                             ; EP4CE115F29C7                               ;
; Timing Models                      ; Final                                       ;
; Total logic elements               ; 3,877 / 114,480 ( 3 % )                     ;
;     Total combinational functions  ; 3,373 / 114,480 ( 3 % )                     ;
;     Dedicated logic registers      ; 2,095 / 114,480 ( 2 % )                     ;
; Total registers                    ; 2163                                        ;
; Total pins                         ; 128 / 529 ( 24 % )                          ;
; Total virtual pins                 ; 0                                           ;
; Total memory bits                  ; 123,637 / 3,981,312 ( 3 % )                 ;
; Embedded Multiplier 9-bit elements ; 0 / 532 ( 0 % )                             ;
; Total PLLs                         ; 2 / 4 ( 50 % )                              ;
+------------------------------------+---------------------------------------------+


+-----------------------------------------+
; Flow Settings                           ;
+-------------------+---------------------+
; Option            ; Setting             ;
+-------------------+---------------------+
; Start date & time ; 05/07/2020 12:46:18 ;
; Main task         ; Compilation         ;
; Revision Name     ; KarateChamp         ;
+-------------------+---------------------+


+--------------------------------------------------------------------------------------------------------------------------------------------------------+
; Flow Non-Default Global Settings                                                                                                                       ;
+-------------------------------------+---------------------------------------------------------------+---------------+-----------------+----------------+
; Assignment Name                     ; Value                                                         ; Default Value ; Entity Name     ; Section Id     ;
+-------------------------------------+---------------------------------------------------------------+---------------+-----------------+----------------+
; COMPILER_SIGNATURE_ID               ; 174508019958957.158886997706044                               ; --            ; --              ; --             ;
; EDA_OUTPUT_DATA_FORMAT              ; Systemverilog Hdl                                             ; --            ; --              ; eda_simulation ;
; EDA_SIMULATION_TOOL                 ; ModelSim-Altera (SystemVerilog)                               ; <None>        ; --              ; --             ;
; EDA_TIME_SCALE                      ; 1 ps                                                          ; --            ; --              ; eda_simulation ;
; MAX_CORE_JUNCTION_TEMP              ; 85                                                            ; --            ; --              ; --             ;
; MIN_CORE_JUNCTION_TEMP              ; 0                                                             ; --            ; --              ; --             ;
; MISC_FILE                           ; karatechamp/synthesis/../karatechamp.cmp                      ; --            ; --              ; --             ;
; MISC_FILE                           ; karatechamp/synthesis/../../karatechamp.qsys                  ; --            ; --              ; --             ;
; MISC_FILE                           ; vga_clk.ppf                                                   ; --            ; --              ; --             ;
; NOMINAL_CORE_SUPPLY_VOLTAGE         ; 1.2V                                                          ; --            ; --              ; --             ;
; PARTITION_COLOR                     ; -- (Not supported for targeted family)                        ; --            ; DE2_115_Default ; Top            ;
; PARTITION_COLOR                     ; -- (Not supported for targeted family)                        ; --            ; --              ; Top            ;
; PARTITION_COLOR                     ; -- (Not supported for targeted family)                        ; --            ; lab8            ; Top            ;
; PARTITION_FITTER_PRESERVATION_LEVEL ; -- (Not supported for targeted family)                        ; --            ; DE2_115_Default ; Top            ;
; PARTITION_FITTER_PRESERVATION_LEVEL ; -- (Not supported for targeted family)                        ; --            ; --              ; Top            ;
; PARTITION_FITTER_PRESERVATION_LEVEL ; -- (Not supported for targeted family)                        ; --            ; lab8            ; Top            ;
; PARTITION_NETLIST_TYPE              ; -- (Not supported for targeted family)                        ; --            ; DE2_115_Default ; Top            ;
; PARTITION_NETLIST_TYPE              ; -- (Not supported for targeted family)                        ; --            ; --              ; Top            ;
; PARTITION_NETLIST_TYPE              ; -- (Not supported for targeted family)                        ; --            ; lab8            ; Top            ;
; POWER_BOARD_THERMAL_MODEL           ; None (CONSERVATIVE)                                           ; --            ; --              ; --             ;
; POWER_PRESET_COOLING_SOLUTION       ; 23 MM HEAT SINK WITH 200 LFPM AIRFLOW                         ; --            ; --              ; --             ;
; PROJECT_OUTPUT_DIRECTORY            ; output_files                                                  ; --            ; --              ; --             ;
; SLD_FILE                            ; karatechamp/synthesis/karatechamp.regmap                      ; --            ; --              ; --             ;
; SLD_FILE                            ; karatechamp/synthesis/karatechamp.debuginfo                   ; --            ; --              ; --             ;
; SLD_INFO                            ; QSYS_NAME karatechamp HAS_SOPCINFO 1 GENERATION_ID 1588261950 ; --            ; --              ; --             ;
; SOPCINFO_FILE                       ; karatechamp/synthesis/../../karatechamp.sopcinfo              ; --            ; --              ; --             ;
; SYNTHESIS_ONLY_QIP                  ; On                                                            ; --            ; --              ; --             ;
+-------------------------------------+---------------------------------------------------------------+---------------+-----------------+----------------+


+--------------------------------------------------------------------------------------------------------------------------+
; Flow Elapsed Time                                                                                                        ;
+----------------------+--------------+-------------------------+---------------------+------------------------------------+
; Module Name          ; Elapsed Time ; Average Processors Used ; Peak Virtual Memory ; Total CPU Time (on all processors) ;
+----------------------+--------------+-------------------------+---------------------+------------------------------------+
; Analysis & Synthesis ; 00:01:00     ; 1.0                     ; 5143 MB             ; 00:01:23                           ;
; Fitter               ; 00:00:24     ; 1.0                     ; 5708 MB             ; 00:00:37                           ;
; Assembler            ; 00:00:04     ; 1.0                     ; 4706 MB             ; 00:00:04                           ;
; Timing Analyzer      ; 00:00:05     ; 1.1                     ; 4885 MB             ; 00:00:05                           ;
; EDA Netlist Writer   ; 00:00:09     ; 1.0                     ; 4725 MB             ; 00:00:06                           ;
; Total                ; 00:01:42     ; --                      ; --                  ; 00:02:15                           ;
+----------------------+--------------+-------------------------+---------------------+------------------------------------+


+------------------------------------------------------------------------------------+
; Flow OS Summary                                                                    ;
+----------------------+------------------+------------+------------+----------------+
; Module Name          ; Machine Hostname ; OS Name    ; OS Version ; Processor type ;
+----------------------+------------------+------------+------------+----------------+
; Analysis & Synthesis ; DESKTOP-7ODDA89  ; Windows 10 ; 10.0       ; x86_64         ;
; Fitter               ; DESKTOP-7ODDA89  ; Windows 10 ; 10.0       ; x86_64         ;
; Assembler            ; DESKTOP-7ODDA89  ; Windows 10 ; 10.0       ; x86_64         ;
; Timing Analyzer      ; DESKTOP-7ODDA89  ; Windows 10 ; 10.0       ; x86_64         ;
; EDA Netlist Writer   ; DESKTOP-7ODDA89  ; Windows 10 ; 10.0       ; x86_64         ;
+----------------------+------------------+------------+------------+----------------+


------------
; Flow Log ;
------------
quartus_map --read_settings_files=on --write_settings_files=off KarateChamp -c KarateChamp
quartus_fit --read_settings_files=off --write_settings_files=off KarateChamp -c KarateChamp
quartus_asm --read_settings_files=off --write_settings_files=off KarateChamp -c KarateChamp
quartus_sta KarateChamp -c KarateChamp
quartus_eda --read_settings_files=off --write_settings_files=off KarateChamp -c KarateChamp



