Flow report for lab6
Wed Mar 11 18:12:40 2020
Quartus Prime Version 18.0.0 Build 614 04/24/2018 SJ Lite Edition


---------------------
; Table of Contents ;
---------------------
  1. Legal Notice
  2. Flow Summary
  3. Flow Settings
  4. Flow Non-Default Global Settings
  5. Flow Elapsed Time
  6. Flow OS Summary
  7. Flow Log
  8. Flow Messages
  9. Flow Suppressed Messages



----------------
; Legal Notice ;
----------------
Copyright (C) 2018  Intel Corporation. All rights reserved.
Your use of Intel Corporation's design tools, logic functions 
and other software and tools, and its AMPP partner logic 
functions, and any output files from any of the foregoing 
(including device programming or simulation files), and any 
associated documentation or information are expressly subject 
to the terms and conditions of the Intel Program License 
Subscription Agreement, the Intel Quartus Prime License Agreement,
the Intel FPGA IP License Agreement, or other applicable license
agreement, including, without limitation, that your use is for
the sole purpose of programming logic devices manufactured by
Intel and sold by Intel or its authorized distributors.  Please
refer to the applicable agreement for further details.



+----------------------------------------------------------------------------------+
; Flow Summary                                                                     ;
+------------------------------------+---------------------------------------------+
; Flow Status                        ; Successful - Wed Mar 11 18:12:40 2020       ;
; Quartus Prime Version              ; 18.0.0 Build 614 04/24/2018 SJ Lite Edition ;
; Revision Name                      ; lab6                                        ;
; Top-level Entity Name              ; lab6_toplevel                               ;
; Family                             ; Cyclone IV E                                ;
; Device                             ; EP4CE115F29C7                               ;
; Timing Models                      ; Final                                       ;
; Total logic elements               ; 640 / 114,480 ( < 1 % )                     ;
;     Total combinational functions  ; 627 / 114,480 ( < 1 % )                     ;
;     Dedicated logic registers      ; 136 / 114,480 ( < 1 % )                     ;
; Total registers                    ; 136                                         ;
; Total pins                         ; 129 / 529 ( 24 % )                          ;
; Total virtual pins                 ; 0                                           ;
; Total memory bits                  ; 0 / 3,981,312 ( 0 % )                       ;
; Embedded Multiplier 9-bit elements ; 0 / 532 ( 0 % )                             ;
; Total PLLs                         ; 0 / 4 ( 0 % )                               ;
+------------------------------------+---------------------------------------------+


+-----------------------------------------+
; Flow Settings                           ;
+-------------------+---------------------+
; Option            ; Setting             ;
+-------------------+---------------------+
; Start date & time ; 03/11/2020 18:10:56 ;
; Main task         ; Compilation         ;
; Revision Name     ; lab6                ;
+-------------------+---------------------+


+--------------------------------------------------------------------------------------------------------------------------------+
; Flow Non-Default Global Settings                                                                                               ;
+--------------------------------------+----------------------------------------+---------------+---------------+----------------+
; Assignment Name                      ; Value                                  ; Default Value ; Entity Name   ; Section Id     ;
+--------------------------------------+----------------------------------------+---------------+---------------+----------------+
; COMPILER_SIGNATURE_ID                ; 174508019958957.158396825616448        ; --            ; --            ; --             ;
; EDA_DESIGN_INSTANCE_NAME             ; NA                                     ; --            ; --            ; testbenchpart1 ;
; EDA_NATIVELINK_SIMULATION_TEST_BENCH ; testbenchpart1                         ; --            ; --            ; eda_simulation ;
; EDA_OUTPUT_DATA_FORMAT               ; Systemverilog Hdl                      ; --            ; --            ; eda_simulation ;
; EDA_SIMULATION_TOOL                  ; ModelSim-Altera (SystemVerilog)        ; <None>        ; --            ; --             ;
; EDA_TEST_BENCH_ENABLE_STATUS         ; TEST_BENCH_MODE                        ; --            ; --            ; eda_simulation ;
; EDA_TEST_BENCH_FILE                  ; testbench.sv                           ; --            ; --            ; testbenchpart1 ;
; EDA_TEST_BENCH_FILE                  ; memory_contents.sv                     ; --            ; --            ; testbenchpart1 ;
; EDA_TEST_BENCH_FILE                  ; test_memory.sv                         ; --            ; --            ; testbenchpart1 ;
; EDA_TEST_BENCH_MODULE_NAME           ; testbenchpart1                         ; --            ; --            ; testbenchpart1 ;
; EDA_TEST_BENCH_NAME                  ; testbenchpart1                         ; --            ; --            ; eda_simulation ;
; EDA_TEST_BENCH_RUN_SIM_FOR           ; 1000 ns                                ; --            ; --            ; testbenchpart1 ;
; EDA_TIME_SCALE                       ; 100 ns                                 ; --            ; --            ; eda_simulation ;
; FLOW_ENABLE_POWER_ANALYZER           ; On                                     ; Off           ; --            ; --             ;
; MAX_CORE_JUNCTION_TEMP               ; 85                                     ; --            ; --            ; --             ;
; MIN_CORE_JUNCTION_TEMP               ; 0                                      ; --            ; --            ; --             ;
; NOMINAL_CORE_SUPPLY_VOLTAGE          ; 1.2V                                   ; --            ; --            ; --             ;
; PARTITION_COLOR                      ; -- (Not supported for targeted family) ; --            ; lab6_toplevel ; Top            ;
; PARTITION_FITTER_PRESERVATION_LEVEL  ; -- (Not supported for targeted family) ; --            ; lab6_toplevel ; Top            ;
; PARTITION_NETLIST_TYPE               ; -- (Not supported for targeted family) ; --            ; lab6_toplevel ; Top            ;
; POWER_BOARD_THERMAL_MODEL            ; None (CONSERVATIVE)                    ; --            ; --            ; --             ;
; POWER_DEFAULT_INPUT_IO_TOGGLE_RATE   ; 12.5 %                                 ; 12.5%         ; --            ; --             ;
; POWER_PRESET_COOLING_SOLUTION        ; 23 MM HEAT SINK WITH 200 LFPM AIRFLOW  ; --            ; --            ; --             ;
; PROJECT_OUTPUT_DIRECTORY             ; output_files                           ; --            ; --            ; --             ;
; TOP_LEVEL_ENTITY                     ; lab6_toplevel                          ; lab6          ; --            ; --             ;
+--------------------------------------+----------------------------------------+---------------+---------------+----------------+


+--------------------------------------------------------------------------------------------------------------------------+
; Flow Elapsed Time                                                                                                        ;
+----------------------+--------------+-------------------------+---------------------+------------------------------------+
; Module Name          ; Elapsed Time ; Average Processors Used ; Peak Virtual Memory ; Total CPU Time (on all processors) ;
+----------------------+--------------+-------------------------+---------------------+------------------------------------+
; Analysis & Synthesis ; 00:00:21     ; 1.0                     ; 4777 MB             ; 00:00:44                           ;
; Fitter               ; 00:00:35     ; 1.1                     ; 5765 MB             ; 00:00:52                           ;
; Assembler            ; 00:00:08     ; 1.0                     ; 4688 MB             ; 00:00:07                           ;
; Power Analyzer       ; 00:00:16     ; 1.0                     ; 4889 MB             ; 00:00:16                           ;
; Timing Analyzer      ; 00:00:08     ; 1.7                     ; 4853 MB             ; 00:00:09                           ;
; EDA Netlist Writer   ; 00:00:06     ; 1.0                     ; 4665 MB             ; 00:00:04                           ;
; Total                ; 00:01:34     ; --                      ; --                  ; 00:02:12                           ;
+----------------------+--------------+-------------------------+---------------------+------------------------------------+


+------------------------------------------------------------------------------------+
; Flow OS Summary                                                                    ;
+----------------------+------------------+------------+------------+----------------+
; Module Name          ; Machine Hostname ; OS Name    ; OS Version ; Processor type ;
+----------------------+------------------+------------+------------+----------------+
; Analysis & Synthesis ; DESKTOP-7ODDA89  ; Windows 10 ; 10.0       ; x86_64         ;
; Fitter               ; DESKTOP-7ODDA89  ; Windows 10 ; 10.0       ; x86_64         ;
; Assembler            ; DESKTOP-7ODDA89  ; Windows 10 ; 10.0       ; x86_64         ;
; Power Analyzer       ; DESKTOP-7ODDA89  ; Windows 10 ; 10.0       ; x86_64         ;
; Timing Analyzer      ; DESKTOP-7ODDA89  ; Windows 10 ; 10.0       ; x86_64         ;
; EDA Netlist Writer   ; DESKTOP-7ODDA89  ; Windows 10 ; 10.0       ; x86_64         ;
+----------------------+------------------+------------+------------+----------------+


------------
; Flow Log ;
------------
quartus_map --read_settings_files=on --write_settings_files=off lab6 -c lab6
quartus_fit --read_settings_files=off --write_settings_files=off lab6 -c lab6
quartus_asm --read_settings_files=off --write_settings_files=off lab6 -c lab6
quartus_pow --read_settings_files=off --write_settings_files=off lab6 -c lab6
quartus_sta lab6 -c lab6
quartus_eda --read_settings_files=off --write_settings_files=off lab6 -c lab6



