Analysis & Synthesis report for lab6
Wed Mar 11 18:11:16 2020
Quartus Prime Version 18.0.0 Build 614 04/24/2018 SJ Lite Edition


---------------------
; Table of Contents ;
---------------------
  1. Legal Notice
  2. Analysis & Synthesis Summary
  3. Analysis & Synthesis Settings
  4. Parallel Compilation
  5. Analysis & Synthesis Source Files Read
  6. Analysis & Synthesis Resource Usage Summary
  7. Analysis & Synthesis Resource Utilization by Entity
  8. State Machine - |lab6_toplevel|slc3:my_slc|ISDU:state_controller|State
  9. Logic Cells Representing Combinational Loops
 10. Registers Removed During Synthesis
 11. General Register Statistics
 12. Multiplexer Restructuring Statistics (Restructuring Performed)
 13. Parameter Settings for User Entity Instance: slc3:my_slc|datapath:data|extend:sign11
 14. Parameter Settings for User Entity Instance: slc3:my_slc|datapath:data|extend:sign8
 15. Parameter Settings for User Entity Instance: slc3:my_slc|datapath:data|extend:sign6
 16. Parameter Settings for User Entity Instance: slc3:my_slc|datapath:data|extend:sign5
 17. Parameter Settings for User Entity Instance: slc3:my_slc|tristate:tr0
 18. Parameter Settings for User Entity Instance: test_memory:my_test_memory
 19. Parameter Settings for User Entity Instance: test_memory:my_test_memory|memory_parser:parser
 20. Port Connectivity Checks: "slc3:my_slc|Mem2IO:memory_subsystem"
 21. Port Connectivity Checks: "slc3:my_slc|datapath:data|three_bit_MUX:drmux"
 22. Port Connectivity Checks: "slc3:my_slc|datapath:data|four_one_MUX:addr2mux"
 23. Port Connectivity Checks: "slc3:my_slc|datapath:data|reg_file:registerfile"
 24. Post-Synthesis Netlist Statistics for Top Partition
 25. Elapsed Time Per Partition
 26. Analysis & Synthesis Messages
 27. Analysis & Synthesis Suppressed Messages



----------------
; Legal Notice ;
----------------
Copyright (C) 2018  Intel Corporation. All rights reserved.
Your use of Intel Corporation's design tools, logic functions 
and other software and tools, and its AMPP partner logic 
functions, and any output files from any of the foregoing 
(including device programming or simulation files), and any 
associated documentation or information are expressly subject 
to the terms and conditions of the Intel Program License 
Subscription Agreement, the Intel Quartus Prime License Agreement,
the Intel FPGA IP License Agreement, or other applicable license
agreement, including, without limitation, that your use is for
the sole purpose of programming logic devices manufactured by
Intel and sold by Intel or its authorized distributors.  Please
refer to the applicable agreement for further details.



+----------------------------------------------------------------------------------+
; Analysis & Synthesis Summary                                                     ;
+------------------------------------+---------------------------------------------+
; Analysis & Synthesis Status        ; Successful - Wed Mar 11 18:11:16 2020       ;
; Quartus Prime Version              ; 18.0.0 Build 614 04/24/2018 SJ Lite Edition ;
; Revision Name                      ; lab6                                        ;
; Top-level Entity Name              ; lab6_toplevel                               ;
; Family                             ; Cyclone IV E                                ;
; Total logic elements               ; 659                                         ;
;     Total combinational functions  ; 627                                         ;
;     Dedicated logic registers      ; 136                                         ;
; Total registers                    ; 136                                         ;
; Total pins                         ; 129                                         ;
; Total virtual pins                 ; 0                                           ;
; Total memory bits                  ; 0                                           ;
; Embedded Multiplier 9-bit elements ; 0                                           ;
; Total PLLs                         ; 0                                           ;
+------------------------------------+---------------------------------------------+


+------------------------------------------------------------------------------------------------------------+
; Analysis & Synthesis Settings                                                                              ;
+------------------------------------------------------------------+--------------------+--------------------+
; Option                                                           ; Setting            ; Default Value      ;
+------------------------------------------------------------------+--------------------+--------------------+
; Device                                                           ; EP4CE115F29C7      ;                    ;
; Top-level entity name                                            ; lab6_toplevel      ; lab6               ;
; Family name                                                      ; Cyclone IV E       ; Cyclone V          ;
; Use smart compilation                                            ; Off                ; Off                ;
; Enable parallel Assembler and Timing Analyzer during compilation ; On                 ; On                 ;
; Enable compact report table                                      ; Off                ; Off                ;
; Restructure Multiplexers                                         ; Auto               ; Auto               ;
; Create Debugging Nodes for IP Cores                              ; Off                ; Off                ;
; Preserve fewer node names                                        ; On                 ; On                 ;
; Intel FPGA IP Evaluation Mode                                    ; Enable             ; Enable             ;
; Verilog Version                                                  ; Verilog_2001       ; Verilog_2001       ;
; VHDL Version                                                     ; VHDL_1993          ; VHDL_1993          ;
; State Machine Processing                                         ; Auto               ; Auto               ;
; Safe State Machine                                               ; Off                ; Off                ;
; Extract Verilog State Machines                                   ; On                 ; On                 ;
; Extract VHDL State Machines                                      ; On                 ; On                 ;
; Ignore Verilog initial constructs                                ; Off                ; Off                ;
; Iteration limit for constant Verilog loops                       ; 5000               ; 5000               ;
; Iteration limit for non-constant Verilog loops                   ; 250                ; 250                ;
; Add Pass-Through Logic to Inferred RAMs                          ; On                 ; On                 ;
; Infer RAMs from Raw Logic                                        ; On                 ; On                 ;
; Parallel Synthesis                                               ; On                 ; On                 ;
; DSP Block Balancing                                              ; Auto               ; Auto               ;
; NOT Gate Push-Back                                               ; On                 ; On                 ;
; Power-Up Don't Care                                              ; On                 ; On                 ;
; Remove Redundant Logic Cells                                     ; Off                ; Off                ;
; Remove Duplicate Registers                                       ; On                 ; On                 ;
; Ignore CARRY Buffers                                             ; Off                ; Off                ;
; Ignore CASCADE Buffers                                           ; Off                ; Off                ;
; Ignore GLOBAL Buffers                                            ; Off                ; Off                ;
; Ignore ROW GLOBAL Buffers                                        ; Off                ; Off                ;
; Ignore LCELL Buffers                                             ; Off                ; Off                ;
; Ignore SOFT Buffers                                              ; On                 ; On                 ;
; Limit AHDL Integers to 32 Bits                                   ; Off                ; Off                ;
; Optimization Technique                                           ; Balanced           ; Balanced           ;
; Carry Chain Length                                               ; 70                 ; 70                 ;
; Auto Carry Chains                                                ; On                 ; On                 ;
; Auto Open-Drain Pins                                             ; On                 ; On                 ;
; Perform WYSIWYG Primitive Resynthesis                            ; Off                ; Off                ;
; Auto ROM Replacement                                             ; On                 ; On                 ;
; Auto RAM Replacement                                             ; On                 ; On                 ;
; Auto DSP Block Replacement                                       ; On                 ; On                 ;
; Auto Shift Register Replacement                                  ; Auto               ; Auto               ;
; Allow Shift Register Merging across Hierarchies                  ; Auto               ; Auto               ;
; Auto Clock Enable Replacement                                    ; On                 ; On                 ;
; Strict RAM Replacement                                           ; Off                ; Off                ;
; Allow Synchronous Control Signals                                ; On                 ; On                 ;
; Force Use of Synchronous Clear Signals                           ; Off                ; Off                ;
; Auto RAM Block Balancing                                         ; On                 ; On                 ;
; Auto RAM to Logic Cell Conversion                                ; Off                ; Off                ;
; Auto Resource Sharing                                            ; Off                ; Off                ;
; Allow Any RAM Size For Recognition                               ; Off                ; Off                ;
; Allow Any ROM Size For Recognition                               ; Off                ; Off                ;
; Allow Any Shift Register Size For Recognition                    ; Off                ; Off                ;
; Use LogicLock Constraints during Resource Balancing              ; On                 ; On                 ;
; Ignore translate_off and synthesis_off directives                ; Off                ; Off                ;
; Timing-Driven Synthesis                                          ; On                 ; On                 ;
; Report Parameter Settings                                        ; On                 ; On                 ;
; Report Source Assignments                                        ; On                 ; On                 ;
; Report Connectivity Checks                                       ; On                 ; On                 ;
; Ignore Maximum Fan-Out Assignments                               ; Off                ; Off                ;
; Synchronization Register Chain Length                            ; 2                  ; 2                  ;
; Power Optimization During Synthesis                              ; Normal compilation ; Normal compilation ;
; HDL message level                                                ; Level2             ; Level2             ;
; Suppress Register Optimization Related Messages                  ; Off                ; Off                ;
; Number of Removed Registers Reported in Synthesis Report         ; 5000               ; 5000               ;
; Number of Swept Nodes Reported in Synthesis Report               ; 5000               ; 5000               ;
; Number of Inverted Registers Reported in Synthesis Report        ; 100                ; 100                ;
; Clock MUX Protection                                             ; On                 ; On                 ;
; Auto Gated Clock Conversion                                      ; Off                ; Off                ;
; Block Design Naming                                              ; Auto               ; Auto               ;
; SDC constraint protection                                        ; Off                ; Off                ;
; Synthesis Effort                                                 ; Auto               ; Auto               ;
; Shift Register Replacement - Allow Asynchronous Clear Signal     ; On                 ; On                 ;
; Pre-Mapping Resynthesis Optimization                             ; Off                ; Off                ;
; Analysis & Synthesis Message Level                               ; Medium             ; Medium             ;
; Disable Register Merging Across Hierarchies                      ; Auto               ; Auto               ;
; Resource Aware Inference For Block RAM                           ; On                 ; On                 ;
+------------------------------------------------------------------+--------------------+--------------------+


+------------------------------------------+
; Parallel Compilation                     ;
+----------------------------+-------------+
; Processors                 ; Number      ;
+----------------------------+-------------+
; Number detected on machine ; 8           ;
; Maximum allowed            ; 4           ;
;                            ;             ;
; Average used               ; 1.00        ;
; Maximum used               ; 4           ;
;                            ;             ;
; Usage by Processor         ; % Time Used ;
;     Processor 1            ; 100.0%      ;
;     Processor 2            ;   0.0%      ;
;     Processor 3            ;   0.0%      ;
;     Processor 4            ;   0.0%      ;
+----------------------------+-------------+


+-----------------------------------------------------------------------------------------------------------------------------------------------------------------------------------------------+
; Analysis & Synthesis Source Files Read                                                                                                                                                        ;
+----------------------------------+-----------------+------------------------------+-------------------------------------------------------------------------------------------------+---------+
; File Name with User-Entered Path ; Used in Netlist ; File Type                    ; File Name with Absolute Path                                                                    ; Library ;
+----------------------------------+-----------------+------------------------------+-------------------------------------------------------------------------------------------------+---------+
; MUX.sv                           ; yes             ; User SystemVerilog HDL File  ; C:/Users/FZ/Downloads/ECE-385-267a9f9fb1daea2298f16ba84196c6b1f6c4328a/Lab 6/MUX.sv             ;         ;
; ALU.sv                           ; yes             ; User SystemVerilog HDL File  ; C:/Users/FZ/Downloads/ECE-385-267a9f9fb1daea2298f16ba84196c6b1f6c4328a/Lab 6/ALU.sv             ;         ;
; tristate.sv                      ; yes             ; User SystemVerilog HDL File  ; C:/Users/FZ/Downloads/ECE-385-267a9f9fb1daea2298f16ba84196c6b1f6c4328a/Lab 6/tristate.sv        ;         ;
; test_memory.sv                   ; yes             ; User SystemVerilog HDL File  ; C:/Users/FZ/Downloads/ECE-385-267a9f9fb1daea2298f16ba84196c6b1f6c4328a/Lab 6/test_memory.sv     ;         ;
; SLC3_2.sv                        ; yes             ; User SystemVerilog HDL File  ; C:/Users/FZ/Downloads/ECE-385-267a9f9fb1daea2298f16ba84196c6b1f6c4328a/Lab 6/SLC3_2.sv          ;         ;
; slc3.sv                          ; yes             ; User SystemVerilog HDL File  ; C:/Users/FZ/Downloads/ECE-385-267a9f9fb1daea2298f16ba84196c6b1f6c4328a/Lab 6/slc3.sv            ;         ;
; memory_contents.sv               ; yes             ; User SystemVerilog HDL File  ; C:/Users/FZ/Downloads/ECE-385-267a9f9fb1daea2298f16ba84196c6b1f6c4328a/Lab 6/memory_contents.sv ;         ;
; Mem2IO.sv                        ; yes             ; User SystemVerilog HDL File  ; C:/Users/FZ/Downloads/ECE-385-267a9f9fb1daea2298f16ba84196c6b1f6c4328a/Lab 6/Mem2IO.sv          ;         ;
; lab6_toplevel.sv                 ; yes             ; User SystemVerilog HDL File  ; C:/Users/FZ/Downloads/ECE-385-267a9f9fb1daea2298f16ba84196c6b1f6c4328a/Lab 6/lab6_toplevel.sv   ;         ;
; ISDU.sv                          ; yes             ; User SystemVerilog HDL File  ; C:/Users/FZ/Downloads/ECE-385-267a9f9fb1daea2298f16ba84196c6b1f6c4328a/Lab 6/ISDU.sv            ;         ;
; HexDriver.sv                     ; yes             ; User SystemVerilog HDL File  ; C:/Users/FZ/Downloads/ECE-385-267a9f9fb1daea2298f16ba84196c6b1f6c4328a/Lab 6/HexDriver.sv       ;         ;
; datapath.sv                      ; yes             ; User SystemVerilog HDL File  ; C:/Users/FZ/Downloads/ECE-385-267a9f9fb1daea2298f16ba84196c6b1f6c4328a/Lab 6/datapath.sv        ;         ;
; branch_logic.sv                  ; yes             ; User SystemVerilog HDL File  ; C:/Users/FZ/Downloads/ECE-385-267a9f9fb1daea2298f16ba84196c6b1f6c4328a/Lab 6/branch_logic.sv    ;         ;
; extend.sv                        ; yes             ; User SystemVerilog HDL File  ; C:/Users/FZ/Downloads/ECE-385-267a9f9fb1daea2298f16ba84196c6b1f6c4328a/Lab 6/extend.sv          ;         ;
; reg_file.sv                      ; yes             ; User SystemVerilog HDL File  ; C:/Users/FZ/Downloads/ECE-385-267a9f9fb1daea2298f16ba84196c6b1f6c4328a/Lab 6/reg_file.sv        ;         ;
; set_nzp.sv                       ; yes             ; User SystemVerilog HDL File  ; C:/Users/FZ/Downloads/ECE-385-267a9f9fb1daea2298f16ba84196c6b1f6c4328a/Lab 6/set_nzp.sv         ;         ;
; adder.sv                         ; yes             ; User SystemVerilog HDL File  ; C:/Users/FZ/Downloads/ECE-385-267a9f9fb1daea2298f16ba84196c6b1f6c4328a/Lab 6/adder.sv           ;         ;
; busMUX.sv                        ; yes             ; User SystemVerilog HDL File  ; C:/Users/FZ/Downloads/ECE-385-267a9f9fb1daea2298f16ba84196c6b1f6c4328a/Lab 6/busMUX.sv          ;         ;
+----------------------------------+-----------------+------------------------------+-------------------------------------------------------------------------------------------------+---------+


+---------------------------------------------------------+
; Analysis & Synthesis Resource Usage Summary             ;
+---------------------------------------------+-----------+
; Resource                                    ; Usage     ;
+---------------------------------------------+-----------+
; Estimated Total logic elements              ; 659       ;
;                                             ;           ;
; Total combinational functions               ; 627       ;
; Logic element usage by number of LUT inputs ;           ;
;     -- 4 input functions                    ; 335       ;
;     -- 3 input functions                    ; 225       ;
;     -- <=2 input functions                  ; 67        ;
;                                             ;           ;
; Logic elements by mode                      ;           ;
;     -- normal mode                          ; 582       ;
;     -- arithmetic mode                      ; 45        ;
;                                             ;           ;
; Total registers                             ; 136       ;
;     -- Dedicated logic registers            ; 136       ;
;     -- I/O registers                        ; 0         ;
;                                             ;           ;
; I/O pins                                    ; 129       ;
;                                             ;           ;
; Embedded Multiplier 9-bit elements          ; 0         ;
;                                             ;           ;
; Maximum fan-out node                        ; Clk~input ;
; Maximum fan-out                             ; 136       ;
; Total fan-out                               ; 2766      ;
; Average fan-out                             ; 2.67      ;
+---------------------------------------------+-----------+


+-------------------------------------------------------------------------------------------------------------------------------------------------------------------------------------------------------------------------------------------------------------+
; Analysis & Synthesis Resource Utilization by Entity                                                                                                                                                                                                         ;
+----------------------------------+---------------------+---------------------------+-------------+--------------+---------+-----------+------+--------------+----------------------------------------------------------------+---------------+--------------+
; Compilation Hierarchy Node       ; Combinational ALUTs ; Dedicated Logic Registers ; Memory Bits ; DSP Elements ; DSP 9x9 ; DSP 18x18 ; Pins ; Virtual Pins ; Full Hierarchy Name                                            ; Entity Name   ; Library Name ;
+----------------------------------+---------------------+---------------------------+-------------+--------------+---------+-----------+------+--------------+----------------------------------------------------------------+---------------+--------------+
; |lab6_toplevel                   ; 627 (0)             ; 136 (0)                   ; 0           ; 0            ; 0       ; 0         ; 129  ; 0            ; |lab6_toplevel                                                 ; lab6_toplevel ; work         ;
;    |slc3:my_slc|                 ; 627 (0)             ; 136 (0)                   ; 0           ; 0            ; 0       ; 0         ; 0    ; 0            ; |lab6_toplevel|slc3:my_slc                                     ; slc3          ; work         ;
;       |HexDriver:hex_driver0|    ; 7 (7)               ; 0 (0)                     ; 0           ; 0            ; 0       ; 0         ; 0    ; 0            ; |lab6_toplevel|slc3:my_slc|HexDriver:hex_driver0               ; HexDriver     ; work         ;
;       |HexDriver:hex_driver1|    ; 7 (7)               ; 0 (0)                     ; 0           ; 0            ; 0       ; 0         ; 0    ; 0            ; |lab6_toplevel|slc3:my_slc|HexDriver:hex_driver1               ; HexDriver     ; work         ;
;       |HexDriver:hex_driver2|    ; 7 (7)               ; 0 (0)                     ; 0           ; 0            ; 0       ; 0         ; 0    ; 0            ; |lab6_toplevel|slc3:my_slc|HexDriver:hex_driver2               ; HexDriver     ; work         ;
;       |HexDriver:hex_driver3|    ; 7 (7)               ; 0 (0)                     ; 0           ; 0            ; 0       ; 0         ; 0    ; 0            ; |lab6_toplevel|slc3:my_slc|HexDriver:hex_driver3               ; HexDriver     ; work         ;
;       |HexDriver:hex_driver4|    ; 7 (7)               ; 0 (0)                     ; 0           ; 0            ; 0       ; 0         ; 0    ; 0            ; |lab6_toplevel|slc3:my_slc|HexDriver:hex_driver4               ; HexDriver     ; work         ;
;       |HexDriver:hex_driver5|    ; 7 (7)               ; 0 (0)                     ; 0           ; 0            ; 0       ; 0         ; 0    ; 0            ; |lab6_toplevel|slc3:my_slc|HexDriver:hex_driver5               ; HexDriver     ; work         ;
;       |HexDriver:hex_driver6|    ; 7 (7)               ; 0 (0)                     ; 0           ; 0            ; 0       ; 0         ; 0    ; 0            ; |lab6_toplevel|slc3:my_slc|HexDriver:hex_driver6               ; HexDriver     ; work         ;
;       |HexDriver:hex_driver7|    ; 7 (7)               ; 0 (0)                     ; 0           ; 0            ; 0       ; 0         ; 0    ; 0            ; |lab6_toplevel|slc3:my_slc|HexDriver:hex_driver7               ; HexDriver     ; work         ;
;       |ISDU:state_controller|    ; 45 (45)             ; 24 (24)                   ; 0           ; 0            ; 0       ; 0         ; 0    ; 0            ; |lab6_toplevel|slc3:my_slc|ISDU:state_controller               ; ISDU          ; work         ;
;       |Mem2IO:memory_subsystem|  ; 22 (22)             ; 16 (16)                   ; 0           ; 0            ; 0       ; 0         ; 0    ; 0            ; |lab6_toplevel|slc3:my_slc|Mem2IO:memory_subsystem             ; Mem2IO        ; work         ;
;       |datapath:data|            ; 504 (86)            ; 64 (64)                   ; 0           ; 0            ; 0       ; 0         ; 0    ; 0            ; |lab6_toplevel|slc3:my_slc|datapath:data                       ; datapath      ; work         ;
;          |ALU:alu|               ; 16 (16)             ; 0 (0)                     ; 0           ; 0            ; 0       ; 0         ; 0    ; 0            ; |lab6_toplevel|slc3:my_slc|datapath:data|ALU:alu               ; ALU           ; work         ;
;          |adder:add|             ; 16 (16)             ; 0 (0)                     ; 0           ; 0            ; 0       ; 0         ; 0    ; 0            ; |lab6_toplevel|slc3:my_slc|datapath:data|adder:add             ; adder         ; work         ;
;          |branch_logic:branch|   ; 6 (6)               ; 0 (0)                     ; 0           ; 0            ; 0       ; 0         ; 0    ; 0            ; |lab6_toplevel|slc3:my_slc|datapath:data|branch_logic:branch   ; branch_logic  ; work         ;
;          |busMUX:BUSMUX|         ; 84 (84)             ; 0 (0)                     ; 0           ; 0            ; 0       ; 0         ; 0    ; 0            ; |lab6_toplevel|slc3:my_slc|datapath:data|busMUX:BUSMUX         ; busMUX        ; work         ;
;          |four_one_MUX:addr2mux| ; 3 (3)               ; 0 (0)                     ; 0           ; 0            ; 0       ; 0         ; 0    ; 0            ; |lab6_toplevel|slc3:my_slc|datapath:data|four_one_MUX:addr2mux ; four_one_MUX  ; work         ;
;          |reg_file:registerfile| ; 219 (219)           ; 0 (0)                     ; 0           ; 0            ; 0       ; 0         ; 0    ; 0            ; |lab6_toplevel|slc3:my_slc|datapath:data|reg_file:registerfile ; reg_file      ; work         ;
;          |set_nzp:setcc|         ; 7 (7)               ; 0 (0)                     ; 0           ; 0            ; 0       ; 0         ; 0    ; 0            ; |lab6_toplevel|slc3:my_slc|datapath:data|set_nzp:setcc         ; set_nzp       ; work         ;
;          |three_bit_MUX:sr1mux|  ; 3 (3)               ; 0 (0)                     ; 0           ; 0            ; 0       ; 0         ; 0    ; 0            ; |lab6_toplevel|slc3:my_slc|datapath:data|three_bit_MUX:sr1mux  ; three_bit_MUX ; work         ;
;          |two_one_MUX:addr1mux|  ; 16 (16)             ; 0 (0)                     ; 0           ; 0            ; 0       ; 0         ; 0    ; 0            ; |lab6_toplevel|slc3:my_slc|datapath:data|two_one_MUX:addr1mux  ; two_one_MUX   ; work         ;
;          |two_one_MUX:mioen|     ; 32 (32)             ; 0 (0)                     ; 0           ; 0            ; 0       ; 0         ; 0    ; 0            ; |lab6_toplevel|slc3:my_slc|datapath:data|two_one_MUX:mioen     ; two_one_MUX   ; work         ;
;          |two_one_MUX:sr2mux|    ; 16 (16)             ; 0 (0)                     ; 0           ; 0            ; 0       ; 0         ; 0    ; 0            ; |lab6_toplevel|slc3:my_slc|datapath:data|two_one_MUX:sr2mux    ; two_one_MUX   ; work         ;
;       |tristate:tr0|             ; 0 (0)               ; 32 (32)                   ; 0           ; 0            ; 0       ; 0         ; 0    ; 0            ; |lab6_toplevel|slc3:my_slc|tristate:tr0                        ; tristate      ; work         ;
+----------------------------------+---------------------+---------------------------+-------------+--------------+---------+-----------+------+--------------+----------------------------------------------------------------+---------------+--------------+
Note: For table entries with two numbers listed, the numbers in parentheses indicate the number of resources of the given type used by the specific entity alone. The numbers listed outside of parentheses indicate the total resources of the given type used by the specific entity and all of its sub-entities in the hierarchy.


Encoding Type:  One-Hot
+--------------------------------------------------------------------------------------------------------------------------------------------------------------------------------------------------------------------------------------------------------------------------------------------------------------------------------------------------------------+
; State Machine - |lab6_toplevel|slc3:my_slc|ISDU:state_controller|State                                                                                                                                                                                                                                                                                       ;
+----------------+------------+------------+--------------+--------------+------------+--------------+--------------+------------+------------+------------+------------+------------+------------+------------+------------+------------+------------+------------+--------------+--------------+------------+----------------+----------------+--------------+
; Name           ; State.S_21 ; State.S_27 ; State.S_25_2 ; State.S_25_1 ; State.S_22 ; State.S_16_2 ; State.S_16_1 ; State.S_23 ; State.S_07 ; State.S_06 ; State.S_04 ; State.S_12 ; State.S_00 ; State.S_09 ; State.S_05 ; State.S_01 ; State.S_32 ; State.S_35 ; State.S_33_2 ; State.S_33_1 ; State.S_18 ; State.PauseIR2 ; State.PauseIR1 ; State.Halted ;
+----------------+------------+------------+--------------+--------------+------------+--------------+--------------+------------+------------+------------+------------+------------+------------+------------+------------+------------+------------+------------+--------------+--------------+------------+----------------+----------------+--------------+
; State.Halted   ; 0          ; 0          ; 0            ; 0            ; 0          ; 0            ; 0            ; 0          ; 0          ; 0          ; 0          ; 0          ; 0          ; 0          ; 0          ; 0          ; 0          ; 0          ; 0            ; 0            ; 0          ; 0              ; 0              ; 0            ;
; State.PauseIR1 ; 0          ; 0          ; 0            ; 0            ; 0          ; 0            ; 0            ; 0          ; 0          ; 0          ; 0          ; 0          ; 0          ; 0          ; 0          ; 0          ; 0          ; 0          ; 0            ; 0            ; 0          ; 0              ; 1              ; 1            ;
; State.PauseIR2 ; 0          ; 0          ; 0            ; 0            ; 0          ; 0            ; 0            ; 0          ; 0          ; 0          ; 0          ; 0          ; 0          ; 0          ; 0          ; 0          ; 0          ; 0          ; 0            ; 0            ; 0          ; 1              ; 0              ; 1            ;
; State.S_18     ; 0          ; 0          ; 0            ; 0            ; 0          ; 0            ; 0            ; 0          ; 0          ; 0          ; 0          ; 0          ; 0          ; 0          ; 0          ; 0          ; 0          ; 0          ; 0            ; 0            ; 1          ; 0              ; 0              ; 1            ;
; State.S_33_1   ; 0          ; 0          ; 0            ; 0            ; 0          ; 0            ; 0            ; 0          ; 0          ; 0          ; 0          ; 0          ; 0          ; 0          ; 0          ; 0          ; 0          ; 0          ; 0            ; 1            ; 0          ; 0              ; 0              ; 1            ;
; State.S_33_2   ; 0          ; 0          ; 0            ; 0            ; 0          ; 0            ; 0            ; 0          ; 0          ; 0          ; 0          ; 0          ; 0          ; 0          ; 0          ; 0          ; 0          ; 0          ; 1            ; 0            ; 0          ; 0              ; 0              ; 1            ;
; State.S_35     ; 0          ; 0          ; 0            ; 0            ; 0          ; 0            ; 0            ; 0          ; 0          ; 0          ; 0          ; 0          ; 0          ; 0          ; 0          ; 0          ; 0          ; 1          ; 0            ; 0            ; 0          ; 0              ; 0              ; 1            ;
; State.S_32     ; 0          ; 0          ; 0            ; 0            ; 0          ; 0            ; 0            ; 0          ; 0          ; 0          ; 0          ; 0          ; 0          ; 0          ; 0          ; 0          ; 1          ; 0          ; 0            ; 0            ; 0          ; 0              ; 0              ; 1            ;
; State.S_01     ; 0          ; 0          ; 0            ; 0            ; 0          ; 0            ; 0            ; 0          ; 0          ; 0          ; 0          ; 0          ; 0          ; 0          ; 0          ; 1          ; 0          ; 0          ; 0            ; 0            ; 0          ; 0              ; 0              ; 1            ;
; State.S_05     ; 0          ; 0          ; 0            ; 0            ; 0          ; 0            ; 0            ; 0          ; 0          ; 0          ; 0          ; 0          ; 0          ; 0          ; 1          ; 0          ; 0          ; 0          ; 0            ; 0            ; 0          ; 0              ; 0              ; 1            ;
; State.S_09     ; 0          ; 0          ; 0            ; 0            ; 0          ; 0            ; 0            ; 0          ; 0          ; 0          ; 0          ; 0          ; 0          ; 1          ; 0          ; 0          ; 0          ; 0          ; 0            ; 0            ; 0          ; 0              ; 0              ; 1            ;
; State.S_00     ; 0          ; 0          ; 0            ; 0            ; 0          ; 0            ; 0            ; 0          ; 0          ; 0          ; 0          ; 0          ; 1          ; 0          ; 0          ; 0          ; 0          ; 0          ; 0            ; 0            ; 0          ; 0              ; 0              ; 1            ;
; State.S_12     ; 0          ; 0          ; 0            ; 0            ; 0          ; 0            ; 0            ; 0          ; 0          ; 0          ; 0          ; 1          ; 0          ; 0          ; 0          ; 0          ; 0          ; 0          ; 0            ; 0            ; 0          ; 0              ; 0              ; 1            ;
; State.S_04     ; 0          ; 0          ; 0            ; 0            ; 0          ; 0            ; 0            ; 0          ; 0          ; 0          ; 1          ; 0          ; 0          ; 0          ; 0          ; 0          ; 0          ; 0          ; 0            ; 0            ; 0          ; 0              ; 0              ; 1            ;
; State.S_06     ; 0          ; 0          ; 0            ; 0            ; 0          ; 0            ; 0            ; 0          ; 0          ; 1          ; 0          ; 0          ; 0          ; 0          ; 0          ; 0          ; 0          ; 0          ; 0            ; 0            ; 0          ; 0              ; 0              ; 1            ;
; State.S_07     ; 0          ; 0          ; 0            ; 0            ; 0          ; 0            ; 0            ; 0          ; 1          ; 0          ; 0          ; 0          ; 0          ; 0          ; 0          ; 0          ; 0          ; 0          ; 0            ; 0            ; 0          ; 0              ; 0              ; 1            ;
; State.S_23     ; 0          ; 0          ; 0            ; 0            ; 0          ; 0            ; 0            ; 1          ; 0          ; 0          ; 0          ; 0          ; 0          ; 0          ; 0          ; 0          ; 0          ; 0          ; 0            ; 0            ; 0          ; 0              ; 0              ; 1            ;
; State.S_16_1   ; 0          ; 0          ; 0            ; 0            ; 0          ; 0            ; 1            ; 0          ; 0          ; 0          ; 0          ; 0          ; 0          ; 0          ; 0          ; 0          ; 0          ; 0          ; 0            ; 0            ; 0          ; 0              ; 0              ; 1            ;
; State.S_16_2   ; 0          ; 0          ; 0            ; 0            ; 0          ; 1            ; 0            ; 0          ; 0          ; 0          ; 0          ; 0          ; 0          ; 0          ; 0          ; 0          ; 0          ; 0          ; 0            ; 0            ; 0          ; 0              ; 0              ; 1            ;
; State.S_22     ; 0          ; 0          ; 0            ; 0            ; 1          ; 0            ; 0            ; 0          ; 0          ; 0          ; 0          ; 0          ; 0          ; 0          ; 0          ; 0          ; 0          ; 0          ; 0            ; 0            ; 0          ; 0              ; 0              ; 1            ;
; State.S_25_1   ; 0          ; 0          ; 0            ; 1            ; 0          ; 0            ; 0            ; 0          ; 0          ; 0          ; 0          ; 0          ; 0          ; 0          ; 0          ; 0          ; 0          ; 0          ; 0            ; 0            ; 0          ; 0              ; 0              ; 1            ;
; State.S_25_2   ; 0          ; 0          ; 1            ; 0            ; 0          ; 0            ; 0            ; 0          ; 0          ; 0          ; 0          ; 0          ; 0          ; 0          ; 0          ; 0          ; 0          ; 0          ; 0            ; 0            ; 0          ; 0              ; 0              ; 1            ;
; State.S_27     ; 0          ; 1          ; 0            ; 0            ; 0          ; 0            ; 0            ; 0          ; 0          ; 0          ; 0          ; 0          ; 0          ; 0          ; 0          ; 0          ; 0          ; 0          ; 0            ; 0            ; 0          ; 0              ; 0              ; 1            ;
; State.S_21     ; 1          ; 0          ; 0            ; 0            ; 0          ; 0            ; 0            ; 0          ; 0          ; 0          ; 0          ; 0          ; 0          ; 0          ; 0          ; 0          ; 0          ; 0          ; 0            ; 0            ; 0          ; 0              ; 0              ; 1            ;
+----------------+------------+------------+--------------+--------------+------------+--------------+--------------+------------+------------+------------+------------+------------+------------+------------+------------+------------+------------+------------+--------------+--------------+------------+----------------+----------------+--------------+


+--------------------------------------------------------------------------+
; Logic Cells Representing Combinational Loops                             ;
+--------------------------------------------------------------------+-----+
; Logic Cell Name                                                    ;     ;
+--------------------------------------------------------------------+-----+
; slc3:my_slc|datapath:data|busMUX:BUSMUX|bus[0]~15                  ;     ;
; slc3:my_slc|datapath:data|busMUX:BUSMUX|bus[1]~14                  ;     ;
; slc3:my_slc|datapath:data|busMUX:BUSMUX|bus[2]~13                  ;     ;
; slc3:my_slc|datapath:data|busMUX:BUSMUX|bus[3]~12                  ;     ;
; slc3:my_slc|datapath:data|busMUX:BUSMUX|bus[4]~11                  ;     ;
; slc3:my_slc|datapath:data|busMUX:BUSMUX|bus[5]~10                  ;     ;
; slc3:my_slc|datapath:data|busMUX:BUSMUX|bus[6]~9                   ;     ;
; slc3:my_slc|datapath:data|busMUX:BUSMUX|bus[7]~8                   ;     ;
; slc3:my_slc|datapath:data|busMUX:BUSMUX|bus[8]~7                   ;     ;
; slc3:my_slc|datapath:data|busMUX:BUSMUX|bus[9]~6                   ;     ;
; slc3:my_slc|datapath:data|busMUX:BUSMUX|bus[10]~5                  ;     ;
; slc3:my_slc|datapath:data|busMUX:BUSMUX|bus[11]~4                  ;     ;
; slc3:my_slc|datapath:data|four_one_MUX:pcmux|Mux15~0               ;     ;
; slc3:my_slc|datapath:data|four_one_MUX:pcmux|Mux14~0               ;     ;
; slc3:my_slc|datapath:data|four_one_MUX:pcmux|Mux13~0               ;     ;
; slc3:my_slc|datapath:data|four_one_MUX:pcmux|Mux12~0               ;     ;
; slc3:my_slc|datapath:data|four_one_MUX:pcmux|Mux11~0               ;     ;
; slc3:my_slc|datapath:data|four_one_MUX:pcmux|Mux10~0               ;     ;
; slc3:my_slc|datapath:data|four_one_MUX:pcmux|Mux9~0                ;     ;
; slc3:my_slc|datapath:data|four_one_MUX:pcmux|Mux8~0                ;     ;
; slc3:my_slc|datapath:data|four_one_MUX:pcmux|Mux7~0                ;     ;
; slc3:my_slc|datapath:data|four_one_MUX:pcmux|Mux6~0                ;     ;
; slc3:my_slc|datapath:data|four_one_MUX:pcmux|Mux5~0                ;     ;
; slc3:my_slc|datapath:data|four_one_MUX:pcmux|Mux4~0                ;     ;
; slc3:my_slc|datapath:data|four_one_MUX:pcmux|Mux3~0                ;     ;
; slc3:my_slc|datapath:data|four_one_MUX:pcmux|Mux2~0                ;     ;
; slc3:my_slc|datapath:data|four_one_MUX:pcmux|Mux1~0                ;     ;
; slc3:my_slc|datapath:data|four_one_MUX:pcmux|Mux0~0                ;     ;
; slc3:my_slc|datapath:data|busMUX:BUSMUX|bus[12]~3                  ;     ;
; slc3:my_slc|datapath:data|busMUX:BUSMUX|bus[13]~2                  ;     ;
; slc3:my_slc|datapath:data|busMUX:BUSMUX|bus[14]~1                  ;     ;
; slc3:my_slc|datapath:data|busMUX:BUSMUX|bus[15]~0                  ;     ;
; slc3:my_slc|datapath:data|reg_file:registerfile|register[2][0]~120 ;     ;
; slc3:my_slc|datapath:data|reg_file:registerfile|register[1][0]~121 ;     ;
; slc3:my_slc|datapath:data|reg_file:registerfile|register[0][0]~115 ;     ;
; slc3:my_slc|datapath:data|reg_file:registerfile|register[3][0]~119 ;     ;
; slc3:my_slc|datapath:data|reg_file:registerfile|register[5][0]~117 ;     ;
; slc3:my_slc|datapath:data|reg_file:registerfile|register[6][0]~116 ;     ;
; slc3:my_slc|datapath:data|reg_file:registerfile|register[4][0]~118 ;     ;
; slc3:my_slc|datapath:data|reg_file:registerfile|register[7][0]~114 ;     ;
; slc3:my_slc|datapath:data|reg_file:registerfile|register[2][1]~112 ;     ;
; slc3:my_slc|datapath:data|reg_file:registerfile|register[1][1]~113 ;     ;
; slc3:my_slc|datapath:data|reg_file:registerfile|register[0][1]~107 ;     ;
; slc3:my_slc|datapath:data|reg_file:registerfile|register[3][1]~111 ;     ;
; slc3:my_slc|datapath:data|reg_file:registerfile|register[5][1]~109 ;     ;
; slc3:my_slc|datapath:data|reg_file:registerfile|register[6][1]~108 ;     ;
; slc3:my_slc|datapath:data|reg_file:registerfile|register[4][1]~110 ;     ;
; slc3:my_slc|datapath:data|reg_file:registerfile|register[7][1]~106 ;     ;
; slc3:my_slc|datapath:data|reg_file:registerfile|register[2][2]~104 ;     ;
; slc3:my_slc|datapath:data|reg_file:registerfile|register[1][2]~105 ;     ;
; slc3:my_slc|datapath:data|reg_file:registerfile|register[0][2]~99  ;     ;
; slc3:my_slc|datapath:data|reg_file:registerfile|register[3][2]~103 ;     ;
; slc3:my_slc|datapath:data|reg_file:registerfile|register[5][2]~101 ;     ;
; slc3:my_slc|datapath:data|reg_file:registerfile|register[6][2]~100 ;     ;
; slc3:my_slc|datapath:data|reg_file:registerfile|register[4][2]~102 ;     ;
; slc3:my_slc|datapath:data|reg_file:registerfile|register[7][2]~98  ;     ;
; slc3:my_slc|datapath:data|reg_file:registerfile|register[2][3]~96  ;     ;
; slc3:my_slc|datapath:data|reg_file:registerfile|register[1][3]~97  ;     ;
; slc3:my_slc|datapath:data|reg_file:registerfile|register[0][3]~91  ;     ;
; slc3:my_slc|datapath:data|reg_file:registerfile|register[3][3]~95  ;     ;
; slc3:my_slc|datapath:data|reg_file:registerfile|register[5][3]~93  ;     ;
; slc3:my_slc|datapath:data|reg_file:registerfile|register[6][3]~92  ;     ;
; slc3:my_slc|datapath:data|reg_file:registerfile|register[4][3]~94  ;     ;
; slc3:my_slc|datapath:data|reg_file:registerfile|register[7][3]~90  ;     ;
; slc3:my_slc|datapath:data|reg_file:registerfile|register[2][4]~88  ;     ;
; slc3:my_slc|datapath:data|reg_file:registerfile|register[1][4]~89  ;     ;
; slc3:my_slc|datapath:data|reg_file:registerfile|register[0][4]~83  ;     ;
; slc3:my_slc|datapath:data|reg_file:registerfile|register[3][4]~87  ;     ;
; slc3:my_slc|datapath:data|reg_file:registerfile|register[5][4]~85  ;     ;
; slc3:my_slc|datapath:data|reg_file:registerfile|register[6][4]~84  ;     ;
; slc3:my_slc|datapath:data|reg_file:registerfile|register[4][4]~86  ;     ;
; slc3:my_slc|datapath:data|reg_file:registerfile|register[7][4]~82  ;     ;
; slc3:my_slc|datapath:data|reg_file:registerfile|register[2][5]~80  ;     ;
; slc3:my_slc|datapath:data|reg_file:registerfile|register[1][5]~81  ;     ;
; slc3:my_slc|datapath:data|reg_file:registerfile|register[0][5]~75  ;     ;
; slc3:my_slc|datapath:data|reg_file:registerfile|register[3][5]~79  ;     ;
; slc3:my_slc|datapath:data|reg_file:registerfile|register[5][5]~77  ;     ;
; slc3:my_slc|datapath:data|reg_file:registerfile|register[6][5]~76  ;     ;
; slc3:my_slc|datapath:data|reg_file:registerfile|register[4][5]~78  ;     ;
; slc3:my_slc|datapath:data|reg_file:registerfile|register[7][5]~74  ;     ;
; slc3:my_slc|datapath:data|reg_file:registerfile|register[2][6]~72  ;     ;
; slc3:my_slc|datapath:data|reg_file:registerfile|register[1][6]~73  ;     ;
; slc3:my_slc|datapath:data|reg_file:registerfile|register[0][6]~67  ;     ;
; slc3:my_slc|datapath:data|reg_file:registerfile|register[3][6]~71  ;     ;
; slc3:my_slc|datapath:data|reg_file:registerfile|register[5][6]~69  ;     ;
; slc3:my_slc|datapath:data|reg_file:registerfile|register[6][6]~68  ;     ;
; slc3:my_slc|datapath:data|reg_file:registerfile|register[4][6]~70  ;     ;
; slc3:my_slc|datapath:data|reg_file:registerfile|register[7][6]~66  ;     ;
; slc3:my_slc|datapath:data|reg_file:registerfile|register[2][7]~64  ;     ;
; slc3:my_slc|datapath:data|reg_file:registerfile|register[1][7]~65  ;     ;
; slc3:my_slc|datapath:data|reg_file:registerfile|register[0][7]~59  ;     ;
; slc3:my_slc|datapath:data|reg_file:registerfile|register[3][7]~63  ;     ;
; slc3:my_slc|datapath:data|reg_file:registerfile|register[5][7]~61  ;     ;
; slc3:my_slc|datapath:data|reg_file:registerfile|register[6][7]~60  ;     ;
; slc3:my_slc|datapath:data|reg_file:registerfile|register[4][7]~62  ;     ;
; slc3:my_slc|datapath:data|reg_file:registerfile|register[7][7]~58  ;     ;
; slc3:my_slc|datapath:data|reg_file:registerfile|register[2][8]~56  ;     ;
; slc3:my_slc|datapath:data|reg_file:registerfile|register[1][8]~57  ;     ;
; slc3:my_slc|datapath:data|reg_file:registerfile|register[0][8]~51  ;     ;
; slc3:my_slc|datapath:data|reg_file:registerfile|register[3][8]~55  ;     ;
; Number of logic cells representing combinational loops             ; 160 ;
+--------------------------------------------------------------------+-----+
Table restricted to first 100 entries. Note: All cells listed above may not be present at the end of synthesis due to various synthesis optimizations.


+----------------------------------------------------------------+
; Registers Removed During Synthesis                             ;
+-------------------------------------------+--------------------+
; Register name                             ; Reason for Removal ;
+-------------------------------------------+--------------------+
; slc3:my_slc|ISDU:state_controller|State~2 ; Lost fanout        ;
; slc3:my_slc|ISDU:state_controller|State~3 ; Lost fanout        ;
; slc3:my_slc|ISDU:state_controller|State~4 ; Lost fanout        ;
; slc3:my_slc|ISDU:state_controller|State~5 ; Lost fanout        ;
; slc3:my_slc|ISDU:state_controller|State~6 ; Lost fanout        ;
; Total Number of Removed Registers = 5     ;                    ;
+-------------------------------------------+--------------------+


+------------------------------------------------------+
; General Register Statistics                          ;
+----------------------------------------------+-------+
; Statistic                                    ; Value ;
+----------------------------------------------+-------+
; Total registers                              ; 136   ;
; Number of registers using Synchronous Clear  ; 3     ;
; Number of registers using Synchronous Load   ; 0     ;
; Number of registers using Asynchronous Clear ; 0     ;
; Number of registers using Asynchronous Load  ; 0     ;
; Number of registers using Clock Enable       ; 80    ;
; Number of registers using Preset             ; 0     ;
+----------------------------------------------+-------+


+-----------------------------------------------------------------------------------------------------------------------------------------------------------------------------------+
; Multiplexer Restructuring Statistics (Restructuring Performed)                                                                                                                    ;
+--------------------+-----------+---------------+----------------------+------------------------+------------+---------------------------------------------------------------------+
; Multiplexer Inputs ; Bus Width ; Baseline Area ; Area if Restructured ; Saving if Restructured ; Registered ; Example Multiplexer Output                                          ;
+--------------------+-----------+---------------+----------------------+------------------------+------------+---------------------------------------------------------------------+
; 3:1                ; 16 bits   ; 32 LEs        ; 16 LEs               ; 16 LEs                 ; Yes        ; |lab6_toplevel|slc3:my_slc|Mem2IO:memory_subsystem|hex_data[0]      ;
; 3:1                ; 16 bits   ; 32 LEs        ; 16 LEs               ; 16 LEs                 ; Yes        ; |lab6_toplevel|slc3:my_slc|datapath:data|IR_out[11]                 ;
; 3:1                ; 16 bits   ; 32 LEs        ; 16 LEs               ; 16 LEs                 ; Yes        ; |lab6_toplevel|slc3:my_slc|datapath:data|PC_out[12]                 ;
; 3:1                ; 16 bits   ; 32 LEs        ; 16 LEs               ; 16 LEs                 ; Yes        ; |lab6_toplevel|slc3:my_slc|datapath:data|MAR[11]                    ;
; 3:1                ; 16 bits   ; 32 LEs        ; 16 LEs               ; 16 LEs                 ; Yes        ; |lab6_toplevel|slc3:my_slc|datapath:data|MDR[8]                     ;
; 4:1                ; 16 bits   ; 32 LEs        ; 32 LEs               ; 0 LEs                  ; No         ; |lab6_toplevel|slc3:my_slc|datapath:data|four_one_MUX:pcmux|Mux6    ;
; 4:1                ; 16 bits   ; 32 LEs        ; 32 LEs               ; 0 LEs                  ; No         ; |lab6_toplevel|slc3:my_slc|datapath:data|two_one_MUX:mioen|out[10]  ;
; 8:1                ; 16 bits   ; 80 LEs        ; 80 LEs               ; 0 LEs                  ; No         ; |lab6_toplevel|slc3:my_slc|datapath:data|reg_file:registerfile|Mux2 ;
; 8:1                ; 16 bits   ; 80 LEs        ; 80 LEs               ; 0 LEs                  ; No         ; |lab6_toplevel|slc3:my_slc|datapath:data|busMUX:BUSMUX|bus[4]       ;
+--------------------+-----------+---------------+----------------------+------------------------+------------+---------------------------------------------------------------------+


+--------------------------------------------------------------------------------------+
; Parameter Settings for User Entity Instance: slc3:my_slc|datapath:data|extend:sign11 ;
+----------------+-------+-------------------------------------------------------------+
; Parameter Name ; Value ; Type                                                        ;
+----------------+-------+-------------------------------------------------------------+
; width          ; 11    ; Signed Integer                                              ;
+----------------+-------+-------------------------------------------------------------+
Note: In order to hide this table in the UI and the text report file, please set the "Show Parameter Settings in Synthesis Report" option in "Analysis and Synthesis Settings -> More Settings" to "Off".


+-------------------------------------------------------------------------------------+
; Parameter Settings for User Entity Instance: slc3:my_slc|datapath:data|extend:sign8 ;
+----------------+-------+------------------------------------------------------------+
; Parameter Name ; Value ; Type                                                       ;
+----------------+-------+------------------------------------------------------------+
; width          ; 9     ; Signed Integer                                             ;
+----------------+-------+------------------------------------------------------------+
Note: In order to hide this table in the UI and the text report file, please set the "Show Parameter Settings in Synthesis Report" option in "Analysis and Synthesis Settings -> More Settings" to "Off".


+-------------------------------------------------------------------------------------+
; Parameter Settings for User Entity Instance: slc3:my_slc|datapath:data|extend:sign6 ;
+----------------+-------+------------------------------------------------------------+
; Parameter Name ; Value ; Type                                                       ;
+----------------+-------+------------------------------------------------------------+
; width          ; 6     ; Signed Integer                                             ;
+----------------+-------+------------------------------------------------------------+
Note: In order to hide this table in the UI and the text report file, please set the "Show Parameter Settings in Synthesis Report" option in "Analysis and Synthesis Settings -> More Settings" to "Off".


+-------------------------------------------------------------------------------------+
; Parameter Settings for User Entity Instance: slc3:my_slc|datapath:data|extend:sign5 ;
+----------------+-------+------------------------------------------------------------+
; Parameter Name ; Value ; Type                                                       ;
+----------------+-------+------------------------------------------------------------+
; width          ; 5     ; Signed Integer                                             ;
+----------------+-------+------------------------------------------------------------+
Note: In order to hide this table in the UI and the text report file, please set the "Show Parameter Settings in Synthesis Report" option in "Analysis and Synthesis Settings -> More Settings" to "Off".


+-----------------------------------------------------------------------+
; Parameter Settings for User Entity Instance: slc3:my_slc|tristate:tr0 ;
+----------------+-------+----------------------------------------------+
; Parameter Name ; Value ; Type                                         ;
+----------------+-------+----------------------------------------------+
; N              ; 16    ; Signed Integer                               ;
+----------------+-------+----------------------------------------------+
Note: In order to hide this table in the UI and the text report file, please set the "Show Parameter Settings in Synthesis Report" option in "Analysis and Synthesis Settings -> More Settings" to "Off".


+-------------------------------------------------------------------------+
; Parameter Settings for User Entity Instance: test_memory:my_test_memory ;
+----------------+-------+------------------------------------------------+
; Parameter Name ; Value ; Type                                           ;
+----------------+-------+------------------------------------------------+
; size           ; 256   ; Signed Integer                                 ;
; init_external  ; 0     ; Signed Integer                                 ;
+----------------+-------+------------------------------------------------+
Note: In order to hide this table in the UI and the text report file, please set the "Show Parameter Settings in Synthesis Report" option in "Analysis and Synthesis Settings -> More Settings" to "Off".


+----------------------------------------------------------------------------------------------+
; Parameter Settings for User Entity Instance: test_memory:my_test_memory|memory_parser:parser ;
+----------------+-------+---------------------------------------------------------------------+
; Parameter Name ; Value ; Type                                                                ;
+----------------+-------+---------------------------------------------------------------------+
; size           ; 256   ; Signed Integer                                                      ;
+----------------+-------+---------------------------------------------------------------------+
Note: In order to hide this table in the UI and the text report file, please set the "Show Parameter Settings in Synthesis Report" option in "Analysis and Synthesis Settings -> More Settings" to "Off".


+-----------------------------------------------------------------+
; Port Connectivity Checks: "slc3:my_slc|Mem2IO:memory_subsystem" ;
+--------------+-------+----------+-------------------------------+
; Port         ; Type  ; Severity ; Details                       ;
+--------------+-------+----------+-------------------------------+
; ADDR[19..16] ; Input ; Info     ; Stuck at GND                  ;
+--------------+-------+----------+-------------------------------+


+---------------------------------------------------------------------------+
; Port Connectivity Checks: "slc3:my_slc|datapath:data|three_bit_MUX:drmux" ;
+------+-------+----------+-------------------------------------------------+
; Port ; Type  ; Severity ; Details                                         ;
+------+-------+----------+-------------------------------------------------+
; A    ; Input ; Info     ; Stuck at VCC                                    ;
+------+-------+----------+-------------------------------------------------+


+-----------------------------------------------------------------------------+
; Port Connectivity Checks: "slc3:my_slc|datapath:data|four_one_MUX:addr2mux" ;
+------+-------+----------+---------------------------------------------------+
; Port ; Type  ; Severity ; Details                                           ;
+------+-------+----------+---------------------------------------------------+
; D    ; Input ; Info     ; Stuck at GND                                      ;
+------+-------+----------+---------------------------------------------------+


+-----------------------------------------------------------------------------+
; Port Connectivity Checks: "slc3:my_slc|datapath:data|reg_file:registerfile" ;
+------+-------+----------+---------------------------------------------------+
; Port ; Type  ; Severity ; Details                                           ;
+------+-------+----------+---------------------------------------------------+
; SR2  ; Input ; Info     ; Stuck at GND                                      ;
+------+-------+----------+---------------------------------------------------+


+-----------------------------------------------------+
; Post-Synthesis Netlist Statistics for Top Partition ;
+-----------------------+-----------------------------+
; Type                  ; Count                       ;
+-----------------------+-----------------------------+
; boundary_port         ; 129                         ;
; cycloneiii_ff         ; 136                         ;
;     ENA               ; 80                          ;
;     SCLR              ; 3                           ;
;     plain             ; 53                          ;
; cycloneiii_io_obuf    ; 16                          ;
; cycloneiii_lcell_comb ; 638                         ;
;     arith             ; 45                          ;
;         2 data inputs ; 15                          ;
;         3 data inputs ; 30                          ;
;     normal            ; 593                         ;
;         0 data inputs ; 1                           ;
;         1 data inputs ; 11                          ;
;         2 data inputs ; 51                          ;
;         3 data inputs ; 195                         ;
;         4 data inputs ; 335                         ;
;                       ;                             ;
; Max LUT depth         ; 7.00                        ;
; Average LUT depth     ; 3.38                        ;
+-----------------------+-----------------------------+


+-------------------------------+
; Elapsed Time Per Partition    ;
+----------------+--------------+
; Partition Name ; Elapsed Time ;
+----------------+--------------+
; Top            ; 00:00:02     ;
+----------------+--------------+


+-------------------------------+
; Analysis & Synthesis Messages ;
+-------------------------------+
Info: *******************************************************************
Info: Running Quartus Prime Analysis & Synthesis
    Info: Version 18.0.0 Build 614 04/24/2018 SJ Lite Edition
    Info: Processing started: Wed Mar 11 18:10:55 2020
Info: Command: quartus_map --read_settings_files=on --write_settings_files=off lab6 -c lab6
Warning (18236): Number of processors has not been specified which may cause overloading on shared machines.  Set the global assignment NUM_PARALLEL_PROCESSORS in your QSF to an appropriate value for best performance.
Info (20030): Parallel compilation is enabled and will use 4 of the 4 processors detected
Info (12021): Found 3 design units, including 3 entities, in source file mux.sv
    Info (12023): Found entity 1: four_one_MUX File: C:/Users/FZ/Downloads/ECE-385-267a9f9fb1daea2298f16ba84196c6b1f6c4328a/Lab 6/MUX.sv Line: 1
    Info (12023): Found entity 2: two_one_MUX File: C:/Users/FZ/Downloads/ECE-385-267a9f9fb1daea2298f16ba84196c6b1f6c4328a/Lab 6/MUX.sv Line: 28
    Info (12023): Found entity 3: three_bit_MUX File: C:/Users/FZ/Downloads/ECE-385-267a9f9fb1daea2298f16ba84196c6b1f6c4328a/Lab 6/MUX.sv Line: 46
Info (12021): Found 1 design units, including 1 entities, in source file alu.sv
    Info (12023): Found entity 1: ALU File: C:/Users/FZ/Downloads/ECE-385-267a9f9fb1daea2298f16ba84196c6b1f6c4328a/Lab 6/ALU.sv Line: 1
Info (12021): Found 1 design units, including 1 entities, in source file tristate.sv
    Info (12023): Found entity 1: tristate File: C:/Users/FZ/Downloads/ECE-385-267a9f9fb1daea2298f16ba84196c6b1f6c4328a/Lab 6/tristate.sv Line: 16
Info (12021): Found 1 design units, including 1 entities, in source file test_memory.sv
    Info (12023): Found entity 1: test_memory File: C:/Users/FZ/Downloads/ECE-385-267a9f9fb1daea2298f16ba84196c6b1f6c4328a/Lab 6/test_memory.sv Line: 22
Info (12021): Found 1 design units, including 0 entities, in source file slc3_2.sv
    Info (12022): Found design unit 1: SLC3_2 (SystemVerilog) File: C:/Users/FZ/Downloads/ECE-385-267a9f9fb1daea2298f16ba84196c6b1f6c4328a/Lab 6/SLC3_2.sv Line: 24
Info (12021): Found 1 design units, including 1 entities, in source file slc3.sv
    Info (12023): Found entity 1: slc3 File: C:/Users/FZ/Downloads/ECE-385-267a9f9fb1daea2298f16ba84196c6b1f6c4328a/Lab 6/slc3.sv Line: 19
Info (12021): Found 1 design units, including 1 entities, in source file memory_contents.sv
    Info (12023): Found entity 1: memory_parser File: C:/Users/FZ/Downloads/ECE-385-267a9f9fb1daea2298f16ba84196c6b1f6c4328a/Lab 6/memory_contents.sv Line: 16
Info (12021): Found 1 design units, including 1 entities, in source file mem2io.sv
    Info (12023): Found entity 1: Mem2IO File: C:/Users/FZ/Downloads/ECE-385-267a9f9fb1daea2298f16ba84196c6b1f6c4328a/Lab 6/Mem2IO.sv Line: 16
Info (12021): Found 1 design units, including 1 entities, in source file lab6_toplevel.sv
    Info (12023): Found entity 1: lab6_toplevel File: C:/Users/FZ/Downloads/ECE-385-267a9f9fb1daea2298f16ba84196c6b1f6c4328a/Lab 6/lab6_toplevel.sv Line: 10
Info (12021): Found 1 design units, including 1 entities, in source file isdu.sv
    Info (12023): Found entity 1: ISDU File: C:/Users/FZ/Downloads/ECE-385-267a9f9fb1daea2298f16ba84196c6b1f6c4328a/Lab 6/ISDU.sv Line: 19
Info (12021): Found 1 design units, including 1 entities, in source file hexdriver.sv
    Info (12023): Found entity 1: HexDriver File: C:/Users/FZ/Downloads/ECE-385-267a9f9fb1daea2298f16ba84196c6b1f6c4328a/Lab 6/HexDriver.sv Line: 1
Info (12021): Found 1 design units, including 1 entities, in source file datapath.sv
    Info (12023): Found entity 1: datapath File: C:/Users/FZ/Downloads/ECE-385-267a9f9fb1daea2298f16ba84196c6b1f6c4328a/Lab 6/datapath.sv Line: 1
Info (12021): Found 1 design units, including 1 entities, in source file testbench.sv
    Info (12023): Found entity 1: testbenchpart1 File: C:/Users/FZ/Downloads/ECE-385-267a9f9fb1daea2298f16ba84196c6b1f6c4328a/Lab 6/testbench.sv Line: 1
Info (12021): Found 1 design units, including 1 entities, in source file branch_logic.sv
    Info (12023): Found entity 1: branch_logic File: C:/Users/FZ/Downloads/ECE-385-267a9f9fb1daea2298f16ba84196c6b1f6c4328a/Lab 6/branch_logic.sv Line: 1
Info (12021): Found 1 design units, including 1 entities, in source file extend.sv
    Info (12023): Found entity 1: extend File: C:/Users/FZ/Downloads/ECE-385-267a9f9fb1daea2298f16ba84196c6b1f6c4328a/Lab 6/extend.sv Line: 1
Info (12021): Found 1 design units, including 1 entities, in source file registers.sv
    Info (12023): Found entity 1: register File: C:/Users/FZ/Downloads/ECE-385-267a9f9fb1daea2298f16ba84196c6b1f6c4328a/Lab 6/registers.sv Line: 1
Info (12021): Found 1 design units, including 1 entities, in source file reg_file.sv
    Info (12023): Found entity 1: reg_file File: C:/Users/FZ/Downloads/ECE-385-267a9f9fb1daea2298f16ba84196c6b1f6c4328a/Lab 6/reg_file.sv Line: 1
Info (12021): Found 1 design units, including 1 entities, in source file set_nzp.sv
    Info (12023): Found entity 1: set_nzp File: C:/Users/FZ/Downloads/ECE-385-267a9f9fb1daea2298f16ba84196c6b1f6c4328a/Lab 6/set_nzp.sv Line: 1
Info (12021): Found 1 design units, including 1 entities, in source file adder.sv
    Info (12023): Found entity 1: adder File: C:/Users/FZ/Downloads/ECE-385-267a9f9fb1daea2298f16ba84196c6b1f6c4328a/Lab 6/adder.sv Line: 1
Warning (12090): Entity "busMUX" obtained from "busMUX.sv" instead of from Quartus Prime megafunction library File: C:/Users/FZ/Downloads/ECE-385-267a9f9fb1daea2298f16ba84196c6b1f6c4328a/Lab 6/busMUX.sv Line: 1
Info (12021): Found 1 design units, including 1 entities, in source file busmux.sv
    Info (12023): Found entity 1: busMUX File: C:/Users/FZ/Downloads/ECE-385-267a9f9fb1daea2298f16ba84196c6b1f6c4328a/Lab 6/busMUX.sv Line: 1
Info (12127): Elaborating entity "lab6_toplevel" for the top level hierarchy
Info (12128): Elaborating entity "slc3" for hierarchy "slc3:my_slc" File: C:/Users/FZ/Downloads/ECE-385-267a9f9fb1daea2298f16ba84196c6b1f6c4328a/Lab 6/lab6_toplevel.sv Line: 18
Info (12128): Elaborating entity "HexDriver" for hierarchy "slc3:my_slc|HexDriver:hex_driver3" File: C:/Users/FZ/Downloads/ECE-385-267a9f9fb1daea2298f16ba84196c6b1f6c4328a/Lab 6/slc3.sv Line: 58
Info (12128): Elaborating entity "datapath" for hierarchy "slc3:my_slc|datapath:data" File: C:/Users/FZ/Downloads/ECE-385-267a9f9fb1daea2298f16ba84196c6b1f6c4328a/Lab 6/slc3.sv Line: 90
Warning (10030): Net "SR2" at datapath.sv(18) has no driver or initial value, using a default initial value '0' File: C:/Users/FZ/Downloads/ECE-385-267a9f9fb1daea2298f16ba84196c6b1f6c4328a/Lab 6/datapath.sv Line: 18
Info (12128): Elaborating entity "reg_file" for hierarchy "slc3:my_slc|datapath:data|reg_file:registerfile" File: C:/Users/FZ/Downloads/ECE-385-267a9f9fb1daea2298f16ba84196c6b1f6c4328a/Lab 6/datapath.sv Line: 24
Info (12128): Elaborating entity "extend" for hierarchy "slc3:my_slc|datapath:data|extend:sign11" File: C:/Users/FZ/Downloads/ECE-385-267a9f9fb1daea2298f16ba84196c6b1f6c4328a/Lab 6/datapath.sv Line: 26
Info (12128): Elaborating entity "extend" for hierarchy "slc3:my_slc|datapath:data|extend:sign8" File: C:/Users/FZ/Downloads/ECE-385-267a9f9fb1daea2298f16ba84196c6b1f6c4328a/Lab 6/datapath.sv Line: 27
Info (12128): Elaborating entity "extend" for hierarchy "slc3:my_slc|datapath:data|extend:sign6" File: C:/Users/FZ/Downloads/ECE-385-267a9f9fb1daea2298f16ba84196c6b1f6c4328a/Lab 6/datapath.sv Line: 28
Info (12128): Elaborating entity "extend" for hierarchy "slc3:my_slc|datapath:data|extend:sign5" File: C:/Users/FZ/Downloads/ECE-385-267a9f9fb1daea2298f16ba84196c6b1f6c4328a/Lab 6/datapath.sv Line: 29
Info (12128): Elaborating entity "four_one_MUX" for hierarchy "slc3:my_slc|datapath:data|four_one_MUX:addr2mux" File: C:/Users/FZ/Downloads/ECE-385-267a9f9fb1daea2298f16ba84196c6b1f6c4328a/Lab 6/datapath.sv Line: 31
Info (12128): Elaborating entity "two_one_MUX" for hierarchy "slc3:my_slc|datapath:data|two_one_MUX:addr1mux" File: C:/Users/FZ/Downloads/ECE-385-267a9f9fb1daea2298f16ba84196c6b1f6c4328a/Lab 6/datapath.sv Line: 34
Info (12128): Elaborating entity "three_bit_MUX" for hierarchy "slc3:my_slc|datapath:data|three_bit_MUX:drmux" File: C:/Users/FZ/Downloads/ECE-385-267a9f9fb1daea2298f16ba84196c6b1f6c4328a/Lab 6/datapath.sv Line: 38
Info (12128): Elaborating entity "ALU" for hierarchy "slc3:my_slc|datapath:data|ALU:alu" File: C:/Users/FZ/Downloads/ECE-385-267a9f9fb1daea2298f16ba84196c6b1f6c4328a/Lab 6/datapath.sv Line: 41
Info (12128): Elaborating entity "set_nzp" for hierarchy "slc3:my_slc|datapath:data|set_nzp:setcc" File: C:/Users/FZ/Downloads/ECE-385-267a9f9fb1daea2298f16ba84196c6b1f6c4328a/Lab 6/datapath.sv Line: 43
Info (12128): Elaborating entity "branch_logic" for hierarchy "slc3:my_slc|datapath:data|branch_logic:branch" File: C:/Users/FZ/Downloads/ECE-385-267a9f9fb1daea2298f16ba84196c6b1f6c4328a/Lab 6/datapath.sv Line: 45
Info (12128): Elaborating entity "adder" for hierarchy "slc3:my_slc|datapath:data|adder:add" File: C:/Users/FZ/Downloads/ECE-385-267a9f9fb1daea2298f16ba84196c6b1f6c4328a/Lab 6/datapath.sv Line: 47
Info (12128): Elaborating entity "busMUX" for hierarchy "slc3:my_slc|datapath:data|busMUX:BUSMUX" File: C:/Users/FZ/Downloads/ECE-385-267a9f9fb1daea2298f16ba84196c6b1f6c4328a/Lab 6/datapath.sv Line: 49
Info (12128): Elaborating entity "Mem2IO" for hierarchy "slc3:my_slc|Mem2IO:memory_subsystem" File: C:/Users/FZ/Downloads/ECE-385-267a9f9fb1daea2298f16ba84196c6b1f6c4328a/Lab 6/slc3.sv Line: 98
Info (12128): Elaborating entity "tristate" for hierarchy "slc3:my_slc|tristate:tr0" File: C:/Users/FZ/Downloads/ECE-385-267a9f9fb1daea2298f16ba84196c6b1f6c4328a/Lab 6/slc3.sv Line: 103
Info (12128): Elaborating entity "ISDU" for hierarchy "slc3:my_slc|ISDU:state_controller" File: C:/Users/FZ/Downloads/ECE-385-267a9f9fb1daea2298f16ba84196c6b1f6c4328a/Lab 6/slc3.sv Line: 112
Info (12128): Elaborating entity "test_memory" for hierarchy "test_memory:my_test_memory" File: C:/Users/FZ/Downloads/ECE-385-267a9f9fb1daea2298f16ba84196c6b1f6c4328a/Lab 6/lab6_toplevel.sv Line: 22
Warning (10036): Verilog HDL or VHDL warning at test_memory.sv(42): object "actual_address" assigned a value but never read File: C:/Users/FZ/Downloads/ECE-385-267a9f9fb1daea2298f16ba84196c6b1f6c4328a/Lab 6/test_memory.sv Line: 42
Info (12128): Elaborating entity "memory_parser" for hierarchy "test_memory:my_test_memory|memory_parser:parser" File: C:/Users/FZ/Downloads/ECE-385-267a9f9fb1daea2298f16ba84196c6b1f6c4328a/Lab 6/test_memory.sv Line: 48
Warning (13024): Output pins are stuck at VCC or GND
    Warning (13410): Pin "CE" is stuck at GND File: C:/Users/FZ/Downloads/ECE-385-267a9f9fb1daea2298f16ba84196c6b1f6c4328a/Lab 6/lab6_toplevel.sv Line: 14
    Warning (13410): Pin "UB" is stuck at GND File: C:/Users/FZ/Downloads/ECE-385-267a9f9fb1daea2298f16ba84196c6b1f6c4328a/Lab 6/lab6_toplevel.sv Line: 14
    Warning (13410): Pin "LB" is stuck at GND File: C:/Users/FZ/Downloads/ECE-385-267a9f9fb1daea2298f16ba84196c6b1f6c4328a/Lab 6/lab6_toplevel.sv Line: 14
    Warning (13410): Pin "ADDR[16]" is stuck at GND File: C:/Users/FZ/Downloads/ECE-385-267a9f9fb1daea2298f16ba84196c6b1f6c4328a/Lab 6/lab6_toplevel.sv Line: 15
    Warning (13410): Pin "ADDR[17]" is stuck at GND File: C:/Users/FZ/Downloads/ECE-385-267a9f9fb1daea2298f16ba84196c6b1f6c4328a/Lab 6/lab6_toplevel.sv Line: 15
    Warning (13410): Pin "ADDR[18]" is stuck at GND File: C:/Users/FZ/Downloads/ECE-385-267a9f9fb1daea2298f16ba84196c6b1f6c4328a/Lab 6/lab6_toplevel.sv Line: 15
    Warning (13410): Pin "ADDR[19]" is stuck at GND File: C:/Users/FZ/Downloads/ECE-385-267a9f9fb1daea2298f16ba84196c6b1f6c4328a/Lab 6/lab6_toplevel.sv Line: 15
Info (286030): Timing-Driven Synthesis is running
Info (17049): 5 registers lost all their fanouts during netlist optimizations.
Info (144001): Generated suppressed messages file C:/Users/FZ/Downloads/ECE-385-267a9f9fb1daea2298f16ba84196c6b1f6c4328a/Lab 6/output_files/lab6.map.smsg
Info (16010): Generating hard_block partition "hard_block:auto_generated_inst"
    Info (16011): Adding 0 node(s), including 0 DDIO, 0 PLL, 0 transceiver and 0 LCELL
Info (21057): Implemented 788 device resources after synthesis - the final resource count might be different
    Info (21058): Implemented 20 input pins
    Info (21059): Implemented 93 output pins
    Info (21060): Implemented 16 bidirectional pins
    Info (21061): Implemented 659 logic cells
Info: Quartus Prime Analysis & Synthesis was successful. 0 errors, 12 warnings
    Info: Peak virtual memory: 4777 megabytes
    Info: Processing ended: Wed Mar 11 18:11:16 2020
    Info: Elapsed time: 00:00:21
    Info: Total CPU time (on all processors): 00:00:44


+------------------------------------------+
; Analysis & Synthesis Suppressed Messages ;
+------------------------------------------+
The suppressed messages can be found in C:/Users/FZ/Downloads/ECE-385-267a9f9fb1daea2298f16ba84196c6b1f6c4328a/Lab 6/output_files/lab6.map.smsg.


