01:18:09 **** Incremental Build of configuration Nios II for project lab9 ****
make all 
Info: Building ../lab9_bsp/
C:/intelFPGA_lite/18.1/nios2eds/bin/gnu/H-x86_64-mingw32/bin/make --no-print-directory -C ../lab9_bsp/
[BSP build complete]
Info: Compiling main.c to obj/default/main.o
nios2-elf-gcc -xc -MP -MMD -c -I../lab9_bsp//HAL/inc -I../lab9_bsp/ -I../lab9_bsp//drivers/inc  -pipe -D__hal__ -DALT_NO_INSTRUCTION_EMULATION -DALT_SINGLE_THREADED    -O0 -g -Wall   -mno-hw-div -mno-hw-mul -mno-hw-mulx -mgpopt=global  -o obj/default/main.o main.c
main.c: In function 'keyExpansion':
main.c:94:20: warning: assignment makes integer from pointer without a cast [-Wint-conversion]
    key_schedule[i] = (unsigned char [4]){key[4*i], key[4*i + 1], key[4*i + 2], key[4*i + 3]};
                    ^
main.c:107:29: warning: passing argument 1 of 'RotWord' makes pointer from integer without a cast [-Wint-conversion]
     temp = SubBytes(RotWord(temp)) ^ Rcon[i/16];
                             ^
main.c:71:15: note: expected 'unsigned char *' but argument is of type 'unsigned char'
 unsigned char RotWord(unsigned char * word)
               ^
Info: Linking lab9.elf
nios2-elf-g++  -T'../lab9_bsp//linker.x' -msys-crt0='../lab9_bsp//obj/HAL/src/crt0.o' -msys-lib=hal_bsp -L../lab9_bsp/   -Wl,-Map=lab9.map   -O0 -g -Wall   -mno-hw-div -mno-hw-mul -mno-hw-mulx -mgpopt=global  -o lab9.elf obj/default/main.o -lm -msys-lib=m
nios2-elf-insert lab9.elf --thread_model hal --cpu_name nios2_qsys_0 --qsys true --simulation_enabled false --id 0 --sidp 0x38 --timestamp 1585757238 --stderr_dev jtag_uart_0 --stdin_dev jtag_uart_0 --stdout_dev jtag_uart_0 --sopc_system_name lab9_soc --quartus_project_dir "C:/Users/Mehul/Documents/GitHub/ECE-385/lab9" --sopcinfo C:/Users/Mehul/Documents/GitHub/ECE-385/lab9/software/lab9_bsp/../../lab9_soc.sopcinfo
Info: (lab9.elf) 114 KBytes program size (code + initialized data).
Info:            16260 KBytes free for stack + heap.
Info: Creating lab9.objdump
nios2-elf-objdump --disassemble --syms --all-header --source lab9.elf >lab9.objdump
[lab9 build complete]

01:18:12 Build Finished (took 2s.903ms)

