Flow report for lab8
Thu Apr 02 13:47:07 2020
Quartus Prime Version 18.0.0 Build 614 04/24/2018 SJ Lite Edition


---------------------
; Table of Contents ;
---------------------
  1. Legal Notice
  2. Flow Summary
  3. Flow Settings
  4. Flow Non-Default Global Settings
  5. Flow Elapsed Time
  6. Flow OS Summary
  7. Flow Log
  8. Flow Messages
  9. Flow Suppressed Messages



----------------
; Legal Notice ;
----------------
Copyright (C) 2018  Intel Corporation. All rights reserved.
Your use of Intel Corporation's design tools, logic functions 
and other software and tools, and its AMPP partner logic 
functions, and any output files from any of the foregoing 
(including device programming or simulation files), and any 
associated documentation or information are expressly subject 
to the terms and conditions of the Intel Program License 
Subscription Agreement, the Intel Quartus Prime License Agreement,
the Intel FPGA IP License Agreement, or other applicable license
agreement, including, without limitation, that your use is for
the sole purpose of programming logic devices manufactured by
Intel and sold by Intel or its authorized distributors.  Please
refer to the applicable agreement for further details.



+----------------------------------------------------------------------------------+
; Flow Summary                                                                     ;
+------------------------------------+---------------------------------------------+
; Flow Status                        ; Successful - Thu Apr 02 13:46:59 2020       ;
; Quartus Prime Version              ; 18.0.0 Build 614 04/24/2018 SJ Lite Edition ;
; Revision Name                      ; lab8                                        ;
; Top-level Entity Name              ; lab8                                        ;
; Family                             ; Cyclone IV E                                ;
; Device                             ; EP4CE115F29C7                               ;
; Timing Models                      ; Final                                       ;
; Total logic elements               ; 3,132 / 114,480 ( 3 % )                     ;
;     Total combinational functions  ; 2,628 / 114,480 ( 2 % )                     ;
;     Dedicated logic registers      ; 1,987 / 114,480 ( 2 % )                     ;
; Total registers                    ; 2055                                        ;
; Total pins                         ; 128 / 529 ( 24 % )                          ;
; Total virtual pins                 ; 0                                           ;
; Total memory bits                  ; 11,392 / 3,981,312 ( < 1 % )                ;
; Embedded Multiplier 9-bit elements ; 4 / 532 ( < 1 % )                           ;
; Total PLLs                         ; 2 / 4 ( 50 % )                              ;
+------------------------------------+---------------------------------------------+


+-----------------------------------------+
; Flow Settings                           ;
+-------------------+---------------------+
; Option            ; Setting             ;
+-------------------+---------------------+
; Start date & time ; 04/02/2020 13:45:14 ;
; Main task         ; Compilation         ;
; Revision Name     ; lab8                ;
+-------------------+---------------------+


+------------------------------------------------------------------------------------------------------------------------------------------------------+
; Flow Non-Default Global Settings                                                                                                                     ;
+--------------------------------------+------------------------------------------------------------+---------------+-----------------+----------------+
; Assignment Name                      ; Value                                                      ; Default Value ; Entity Name     ; Section Id     ;
+--------------------------------------+------------------------------------------------------------+---------------+-----------------+----------------+
; COMPILER_SIGNATURE_ID                ; 174508019958957.158584951413572                            ; --            ; --              ; --             ;
; EDA_DESIGN_INSTANCE_NAME             ; NA                                                         ; --            ; --              ; testbench      ;
; EDA_NATIVELINK_SIMULATION_TEST_BENCH ; testbench                                                  ; --            ; --              ; eda_simulation ;
; EDA_OUTPUT_DATA_FORMAT               ; None                                                       ; --            ; --              ; eda_simulation ;
; EDA_TEST_BENCH_ENABLE_STATUS         ; TEST_BENCH_MODE                                            ; --            ; --              ; eda_simulation ;
; EDA_TEST_BENCH_FILE                  ; testbench.sv                                               ; --            ; --              ; testbench      ;
; EDA_TEST_BENCH_MODULE_NAME           ; testbench                                                  ; --            ; --              ; testbench      ;
; EDA_TEST_BENCH_NAME                  ; testbench                                                  ; --            ; --              ; eda_simulation ;
; EDA_TEST_BENCH_RUN_SIM_FOR           ; 10000 ns                                                   ; --            ; --              ; testbench      ;
; ENABLE_SIGNALTAP                     ; On                                                         ; --            ; --              ; --             ;
; FLOW_ENABLE_POWER_ANALYZER           ; On                                                         ; Off           ; --              ; --             ;
; MAX_CORE_JUNCTION_TEMP               ; 85                                                         ; --            ; --              ; --             ;
; MIN_CORE_JUNCTION_TEMP               ; 0                                                          ; --            ; --              ; --             ;
; MISC_FILE                            ; lab8_soc/synthesis/../lab8_soc.cmp                         ; --            ; --              ; --             ;
; MISC_FILE                            ; lab8_soc/synthesis/../../lab8_soc.qsys                     ; --            ; --              ; --             ;
; MISC_FILE                            ; vga_clk.ppf                                                ; --            ; --              ; --             ;
; PARTITION_COLOR                      ; -- (Not supported for targeted family)                     ; --            ; DE2_115_Default ; Top            ;
; PARTITION_COLOR                      ; -- (Not supported for targeted family)                     ; --            ; --              ; Top            ;
; PARTITION_FITTER_PRESERVATION_LEVEL  ; -- (Not supported for targeted family)                     ; --            ; DE2_115_Default ; Top            ;
; PARTITION_FITTER_PRESERVATION_LEVEL  ; -- (Not supported for targeted family)                     ; --            ; --              ; Top            ;
; PARTITION_NETLIST_TYPE               ; -- (Not supported for targeted family)                     ; --            ; DE2_115_Default ; Top            ;
; PARTITION_NETLIST_TYPE               ; -- (Not supported for targeted family)                     ; --            ; --              ; Top            ;
; POWER_BOARD_THERMAL_MODEL            ; None (CONSERVATIVE)                                        ; --            ; --              ; --             ;
; POWER_DEFAULT_INPUT_IO_TOGGLE_RATE   ; 12.5 %                                                     ; 12.5%         ; --              ; --             ;
; POWER_PRESET_COOLING_SOLUTION        ; 23 MM HEAT SINK WITH 200 LFPM AIRFLOW                      ; --            ; --              ; --             ;
; SLD_FILE                             ; lab8_soc/synthesis/lab8_soc.regmap                         ; --            ; --              ; --             ;
; SLD_FILE                             ; lab8_soc/synthesis/lab8_soc.debuginfo                      ; --            ; --              ; --             ;
; SLD_INFO                             ; QSYS_NAME lab8_soc HAS_SOPCINFO 1 GENERATION_ID 1585433855 ; --            ; lab8_soc        ; --             ;
; SOPCINFO_FILE                        ; lab8_soc/synthesis/../../lab8_soc.sopcinfo                 ; --            ; --              ; --             ;
; SYNTHESIS_ONLY_QIP                   ; On                                                         ; --            ; --              ; --             ;
; USE_SIGNALTAP_FILE                   ; stp1.stp                                                   ; --            ; --              ; --             ;
+--------------------------------------+------------------------------------------------------------+---------------+-----------------+----------------+


+--------------------------------------------------------------------------------------------------------------------------+
; Flow Elapsed Time                                                                                                        ;
+----------------------+--------------+-------------------------+---------------------+------------------------------------+
; Module Name          ; Elapsed Time ; Average Processors Used ; Peak Virtual Memory ; Total CPU Time (on all processors) ;
+----------------------+--------------+-------------------------+---------------------+------------------------------------+
; Analysis & Synthesis ; 00:00:47     ; 1.0                     ; 4956 MB             ; 00:01:14                           ;
; Fitter               ; 00:00:34     ; 1.1                     ; 5713 MB             ; 00:00:56                           ;
; Assembler            ; 00:00:05     ; 1.0                     ; 4701 MB             ; 00:00:05                           ;
; Power Analyzer       ; 00:00:10     ; 1.0                     ; 4900 MB             ; 00:00:11                           ;
; Timing Analyzer      ; 00:00:07     ; 1.3                     ; 4880 MB             ; 00:00:07                           ;
; Total                ; 00:01:43     ; --                      ; --                  ; 00:02:33                           ;
+----------------------+--------------+-------------------------+---------------------+------------------------------------+


+------------------------------------------------------------------------------------+
; Flow OS Summary                                                                    ;
+----------------------+------------------+------------+------------+----------------+
; Module Name          ; Machine Hostname ; OS Name    ; OS Version ; Processor type ;
+----------------------+------------------+------------+------------+----------------+
; Analysis & Synthesis ; DESKTOP-7ODDA89  ; Windows 10 ; 10.0       ; x86_64         ;
; Fitter               ; DESKTOP-7ODDA89  ; Windows 10 ; 10.0       ; x86_64         ;
; Assembler            ; DESKTOP-7ODDA89  ; Windows 10 ; 10.0       ; x86_64         ;
; Power Analyzer       ; DESKTOP-7ODDA89  ; Windows 10 ; 10.0       ; x86_64         ;
; Timing Analyzer      ; DESKTOP-7ODDA89  ; Windows 10 ; 10.0       ; x86_64         ;
+----------------------+------------------+------------+------------+----------------+


------------
; Flow Log ;
------------
quartus_map --read_settings_files=on --write_settings_files=off fz8_mdugar2 -c lab8
quartus_fit --read_settings_files=off --write_settings_files=off fz8_mdugar2 -c lab8
quartus_asm --read_settings_files=off --write_settings_files=off fz8_mdugar2 -c lab8
quartus_pow --read_settings_files=off --write_settings_files=off fz8_mdugar2 -c lab8
quartus_sta fz8_mdugar2 -c lab8



